Offsite Backup (Cloudflare R2) Summary
======================================
Copy              : Success
Rotation          : Success
Snapshots in R2   : 3

Timeline:
  Started   : 2026-06-20T01:02:14+10:00
  Completed : 2026-06-20T01:06:46+10:00

Copy details:
  Snapshot  : a66b35be
  Progress  : [1:20] 100.00%  13 / 13 packs copied

Rotation details:
  Kept      : 3 snapshot(s)
  Pruned    : 1 old snapshot(s)

Kept snapshots:
ID        Time                 Host        Tags        Reasons        Paths  Size
---------------------------------------------------------------------------------------
df29f7fa  2026-06-19 01:00:04  rootnode                last snapshot  /      60.199 GiB
f7945e62  2026-06-20 01:00:07  rootnode                last snapshot  /      60.331 GiB
---------------------------------------------------------------------------------------
2 snapshots
ID        Time                 Host        Tags        Paths  Size
------------------------------------------------------------------------
50626cf1  2026-06-18 01:00:27  rootnode                /      60.147 GiB
------------------------------------------------------------------------
1 snapshots
