Offsite Backup (Cloudflare R2) Summary
======================================
Copy              : Success
Rotation          : Success
Snapshots in R2   : 3

Timeline:
  Started   : 2026-05-20T01:01:58+10:00
  Completed : 2026-05-20T01:05:30+10:00

Copy details:
  Snapshot  : b42d0276
  Progress  : [0:47] 100.00%  8 / 8 packs copied

Rotation details:
  Kept      : 3 snapshot(s)
  Pruned    : 1 old snapshot(s)

Kept snapshots:
ID        Time                 Host        Tags        Reasons        Paths  Size
---------------------------------------------------------------------------------------
17ecda46  2026-05-19 01:00:08  rootnode                last snapshot  /      58.077 GiB
1e7fd486  2026-05-20 01:00:08  rootnode                last snapshot  /      58.107 GiB
---------------------------------------------------------------------------------------
2 snapshots
ID        Time                 Host        Tags        Paths  Size
------------------------------------------------------------------------
c8b0a3ce  2026-05-18 01:00:02  rootnode                /      58.062 GiB
------------------------------------------------------------------------
1 snapshots
