2026-06-30T01:02:10+10:00 Starting R2 offsite copy

snapshot 5ba8691c of [/] at 2026-06-30 01:00:07.095989204 +1000 AEST by root@rootnode
  copy started, this may take a while...
Ignoring "2": multiple IDs with prefix "2" found
[0:49] 100.00%  9 / 9 packs copied

snapshot c97955d9 saved
2026-06-30T01:03:24+10:00 R2 offsite copy completed
Applying Policy: keep 2 latest snapshots
keep 2 snapshots:
ID        Time                 Host        Tags        Reasons        Paths  Size
---------------------------------------------------------------------------------------
ffe3d020  2026-06-29 01:00:10  rootnode                last snapshot  /      61.307 GiB
c97955d9  2026-06-30 01:00:07  rootnode                last snapshot  /      61.355 GiB
---------------------------------------------------------------------------------------
2 snapshots

remove 1 snapshots:
ID        Time                 Host        Tags        Paths  Size
------------------------------------------------------------------------
64f9588a  2026-06-28 01:00:09  rootnode                /      61.091 GiB
------------------------------------------------------------------------
1 snapshots

[0:00] 100.00%  1 / 1 files deleted
1 snapshots have been removed, running prune
loading indexes...
loading all snapshots...
finding data that is still in use for 2 snapshots
[0:11] 100.00%  2 / 2 snapshots
searching used packs...
collecting packs for deletion and repacking
[0:02] 100.00%  1270 / 1270 packs processed

to repack:        169523 blobs / 263.143 MiB
this removes:        525 blobs / 71.544 MiB
to delete:             0 blobs / 0 B
total prune:         525 blobs / 71.544 MiB
remaining:        814928 blobs / 20.088 GiB
unused size after prune: 1.002 GiB (4.99% of remaining size)

repacking packs
[1:35] 100.00%  18 / 18 packs repacked
rebuilding index
[0:06] 100.00%  20 / 20 indexes processed
[0:00] 100.00%  9 / 9 old indexes deleted
removing 18 old packs
[0:01] 100.00%  18 / 18 files deleted
done
2026-06-30T01:05:31+10:00 R2 rotation complete
