Offsite Backup (Cloudflare R2) Summary
======================================
Copy              : Success
Rotation          : Success
Snapshots in R2   : 3

Timeline:
  Started   : 2026-06-30T01:02:10+10:00
  Completed : 2026-06-30T01:05:31+10:00

Copy details:
  Snapshot  : 5ba8691c
  Progress  : [0:49] 100.00%  9 / 9 packs copied

Rotation details:
  Kept      : 3 snapshot(s)
  Pruned    : 1 old snapshot(s)

Kept snapshots:
ID        Time                 Host        Tags        Reasons        Paths  Size
---------------------------------------------------------------------------------------
ffe3d020  2026-06-29 01:00:10  rootnode                last snapshot  /      61.307 GiB
c97955d9  2026-06-30 01:00:07  rootnode                last snapshot  /      61.355 GiB
---------------------------------------------------------------------------------------
2 snapshots
ID        Time                 Host        Tags        Paths  Size
------------------------------------------------------------------------
64f9588a  2026-06-28 01:00:09  rootnode                /      61.091 GiB
------------------------------------------------------------------------
1 snapshots
