2026-04-27T01:00:59+10:00 Starting R2 offsite copy

snapshot b4ee22f8 of [/] at 2026-04-27 01:00:25.580228498 +1000 AEST by root@rootnode
  copy started, this may take a while...
Ignoring "2": multiple IDs with prefix "2" found
[0:27] 100.00%  10 / 10 packs copied

snapshot 6d158a74 saved
2026-04-27T01:01:45+10:00 R2 offsite copy completed
Applying Policy: keep 2 latest snapshots
keep 2 snapshots:
ID        Time                 Host        Tags        Reasons        Paths  Size
---------------------------------------------------------------------------------------
e3929465  2026-04-26 01:00:18  rootnode                last snapshot  /      39.581 GiB
6d158a74  2026-04-27 01:00:25  rootnode                last snapshot  /      39.374 GiB
---------------------------------------------------------------------------------------
2 snapshots

remove 1 snapshots:
ID        Time                 Host        Tags        Paths  Size
------------------------------------------------------------------------
b5f4f594  2026-04-25 01:00:15  rootnode                /      39.573 GiB
------------------------------------------------------------------------
1 snapshots

[0:00] 100.00%  1 / 1 files deleted
1 snapshots have been removed, running prune
loading indexes...
loading all snapshots...
finding data that is still in use for 2 snapshots
[0:05] 100.00%  2 / 2 snapshots
searching used packs...
collecting packs for deletion and repacking
[0:01] 100.00%  889 / 889 packs processed

to repack:         89525 blobs / 310.734 MiB
this removes:        551 blobs / 60.631 MiB
to delete:             0 blobs / 0 B
total prune:         551 blobs / 60.631 MiB
remaining:        510611 blobs / 14.146 GiB
unused size after prune: 722.355 MiB (4.99% of remaining size)

repacking packs
[2:07] 100.00%  20 / 20 packs repacked
rebuilding index
[0:10] 100.00%  13 / 13 indexes processed
[0:00] 100.00%  11 / 11 old indexes deleted
removing 20 old packs
[0:01] 100.00%  20 / 20 files deleted
done
2026-04-27T01:04:20+10:00 R2 rotation complete
