Offsite Backup (Cloudflare R2) Summary
======================================
Copy              : Success
Rotation          : Success
Snapshots in R2   : 3

Timeline:
  Started   : 2026-04-27T01:00:59+10:00
  Completed : 2026-04-27T01:04:20+10:00

Copy details:
  Snapshot  : b4ee22f8
  Progress  : [0:27] 100.00%  10 / 10 packs copied

Rotation details:
  Kept      : 3 snapshot(s)
  Pruned    : 1 old snapshot(s)

Kept snapshots:
ID        Time                 Host        Tags        Reasons        Paths  Size
---------------------------------------------------------------------------------------
e3929465  2026-04-26 01:00:18  rootnode                last snapshot  /      39.581 GiB
6d158a74  2026-04-27 01:00:25  rootnode                last snapshot  /      39.374 GiB
---------------------------------------------------------------------------------------
2 snapshots
ID        Time                 Host        Tags        Paths  Size
------------------------------------------------------------------------
b5f4f594  2026-04-25 01:00:15  rootnode                /      39.573 GiB
------------------------------------------------------------------------
1 snapshots
