Offsite Backup (Cloudflare R2) Summary
======================================
Copy              : Success
Rotation          : Success
Snapshots in R2   : 3

Timeline:
  Started   : 2026-04-26T01:00:54+10:00
  Completed : 2026-04-26T01:05:01+10:00

Copy details:
  Snapshot  : b265eb2a
  Progress  : [0:43] 100.00%  7 / 7 packs copied

Rotation details:
  Kept      : 3 snapshot(s)
  Pruned    : 1 old snapshot(s)

Kept snapshots:
ID        Time                 Host        Tags        Reasons        Paths  Size
---------------------------------------------------------------------------------------
b5f4f594  2026-04-25 01:00:15  rootnode                last snapshot  /      39.573 GiB
e3929465  2026-04-26 01:00:18  rootnode                last snapshot  /      39.581 GiB
---------------------------------------------------------------------------------------
2 snapshots
ID        Time                 Host        Tags        Paths  Size
------------------------------------------------------------------------
9aa04024  2026-04-24 01:00:25  rootnode                /      39.452 GiB
------------------------------------------------------------------------
1 snapshots
