Offsite Backup (Cloudflare R2) Summary
======================================
Copy              : Success
Rotation          : Success
Snapshots in R2   : 3

Timeline:
  Started   : 2026-06-12T01:02:31+10:00
  Completed : 2026-06-12T01:07:21+10:00

Copy details:
  Snapshot  : bb46bcf6
  Progress  : [0:48] 100.00%  8 / 8 packs copied

Rotation details:
  Kept      : 3 snapshot(s)
  Pruned    : 1 old snapshot(s)

Kept snapshots:
ID        Time                 Host        Tags        Reasons        Paths  Size
---------------------------------------------------------------------------------------
a92029a5  2026-06-11 01:00:07  rootnode                last snapshot  /      59.297 GiB
6d466bb4  2026-06-12 01:00:27  rootnode                last snapshot  /      59.347 GiB
---------------------------------------------------------------------------------------
2 snapshots
ID        Time                 Host        Tags        Paths  Size
------------------------------------------------------------------------
009bcad3  2026-06-10 01:00:04  rootnode                /      59.886 GiB
------------------------------------------------------------------------
1 snapshots
