Offsite Backup (Cloudflare R2) Summary
======================================
Copy              : Success
Rotation          : Success
Snapshots in R2   : 3

Timeline:
  Started   : 2026-05-19T01:01:56+10:00
  Completed : 2026-05-19T01:10:05+10:00

Copy details:
  Snapshot  : dbb33766
  Progress  : [3:58] 100.00%  87 / 87 packs copied

Rotation details:
  Kept      : 3 snapshot(s)
  Pruned    : 2 old snapshot(s)

Kept snapshots:
ID        Time                 Host        Tags        Reasons        Paths  Size
---------------------------------------------------------------------------------------
c8b0a3ce  2026-05-18 01:00:02  rootnode                last snapshot  /      58.062 GiB
17ecda46  2026-05-19 01:00:08  rootnode                last snapshot  /      58.077 GiB
---------------------------------------------------------------------------------------
2 snapshots
ID        Time                 Host        Tags        Paths  Size
------------------------------------------------------------------------
cd8de55c  2026-04-19 01:00:00  rootnode                /      38.782 GiB
5c28f2a4  2026-05-17 01:00:08  rootnode                /      58.039 GiB
------------------------------------------------------------------------
2 snapshots
