2026-06-19T01:02:00+10:00 Starting R2 offsite copy

snapshot c43e3d1f of [/] at 2026-06-19 01:00:04.476409189 +1000 AEST by root@rootnode
  copy started, this may take a while...
Ignoring "2": multiple IDs with prefix "2" found
[0:52] 100.00%  10 / 10 packs copied

snapshot df29f7fa saved
2026-06-19T01:03:16+10:00 R2 offsite copy completed
Applying Policy: keep 2 latest snapshots
keep 2 snapshots:
ID        Time                 Host        Tags        Reasons        Paths  Size
---------------------------------------------------------------------------------------
50626cf1  2026-06-18 01:00:27  rootnode                last snapshot  /      60.147 GiB
df29f7fa  2026-06-19 01:00:04  rootnode                last snapshot  /      60.199 GiB
---------------------------------------------------------------------------------------
2 snapshots

remove 1 snapshots:
ID        Time                 Host        Tags        Paths  Size
------------------------------------------------------------------------
886f8e96  2026-06-17 01:00:07  rootnode                /      59.923 GiB
------------------------------------------------------------------------
1 snapshots

[0:00] 100.00%  1 / 1 files deleted
1 snapshots have been removed, running prune
loading indexes...
loading all snapshots...
finding data that is still in use for 2 snapshots
[0:11] 100.00%  2 / 2 snapshots
searching used packs...
collecting packs for deletion and repacking
[0:02] 100.00%  1230 / 1230 packs processed

to repack:        146511 blobs / 309.068 MiB
this removes:        626 blobs / 89.310 MiB
to delete:             0 blobs / 0 B
total prune:         626 blobs / 89.310 MiB
remaining:        807531 blobs / 19.441 GiB
unused size after prune: 993.596 MiB (4.99% of remaining size)

repacking packs
[1:48] 100.00%  21 / 21 packs repacked
rebuilding index
[0:06] 100.00%  20 / 20 indexes processed
[0:00] 100.00%  9 / 9 old indexes deleted
removing 21 old packs
[0:01] 100.00%  21 / 21 files deleted
done
2026-06-19T01:05:37+10:00 R2 rotation complete
