Offsite Backup (Cloudflare R2) Summary
======================================
Copy              : Success
Rotation          : Success
Snapshots in R2   : 3

Timeline:
  Started   : 2026-06-19T01:02:00+10:00
  Completed : 2026-06-19T01:05:37+10:00

Copy details:
  Snapshot  : c43e3d1f
  Progress  : [0:52] 100.00%  10 / 10 packs copied

Rotation details:
  Kept      : 3 snapshot(s)
  Pruned    : 1 old snapshot(s)

Kept snapshots:
ID        Time                 Host        Tags        Reasons        Paths  Size
---------------------------------------------------------------------------------------
50626cf1  2026-06-18 01:00:27  rootnode                last snapshot  /      60.147 GiB
df29f7fa  2026-06-19 01:00:04  rootnode                last snapshot  /      60.199 GiB
---------------------------------------------------------------------------------------
2 snapshots
ID        Time                 Host        Tags        Paths  Size
------------------------------------------------------------------------
886f8e96  2026-06-17 01:00:07  rootnode                /      59.923 GiB
------------------------------------------------------------------------
1 snapshots
