2026-06-23T01:02:09+10:00 Starting R2 offsite copy

snapshot 2e11a217 of [/] at 2026-06-23 01:00:04.354692798 +1000 AEST by root@rootnode
  copy started, this may take a while...
Ignoring "2": multiple IDs with prefix "2" found
[0:50] 100.00%  8 / 8 packs copied

snapshot 596e3a94 saved
2026-06-23T01:03:24+10:00 R2 offsite copy completed
Applying Policy: keep 2 latest snapshots
keep 2 snapshots:
ID        Time                 Host        Tags        Reasons        Paths  Size
---------------------------------------------------------------------------------------
15e0993d  2026-06-22 01:00:07  rootnode                last snapshot  /      60.452 GiB
596e3a94  2026-06-23 01:00:04  rootnode                last snapshot  /      60.512 GiB
---------------------------------------------------------------------------------------
2 snapshots

remove 1 snapshots:
ID        Time                 Host        Tags        Paths  Size
------------------------------------------------------------------------
a92cf38c  2026-06-21 01:00:07  rootnode                /      60.375 GiB
------------------------------------------------------------------------
1 snapshots

[0:00] 100.00%  1 / 1 files deleted
1 snapshots have been removed, running prune
loading indexes...
loading all snapshots...
finding data that is still in use for 2 snapshots
[0:11] 100.00%  2 / 2 snapshots
searching used packs...
collecting packs for deletion and repacking
[0:02] 100.00%  1241 / 1241 packs processed

to repack:        171863 blobs / 351.126 MiB
this removes:        669 blobs / 101.375 MiB
to delete:             0 blobs / 0 B
total prune:         669 blobs / 101.375 MiB
remaining:        808411 blobs / 19.607 GiB
unused size after prune: 1001.846 MiB (4.99% of remaining size)

repacking packs
[2:04] 100.00%  23 / 23 packs repacked
rebuilding index
[0:08] 100.00%  21 / 21 indexes processed
[0:00] 100.00%  12 / 12 old indexes deleted
removing 23 old packs
[0:01] 100.00%  23 / 23 files deleted
done
2026-06-23T01:06:04+10:00 R2 rotation complete
