Offsite Backup (Cloudflare R2) Summary
======================================
Copy              : Success
Rotation          : Success
Snapshots in R2   : 3

Timeline:
  Started   : 2026-06-23T01:02:09+10:00
  Completed : 2026-06-23T01:06:04+10:00

Copy details:
  Snapshot  : 2e11a217
  Progress  : [0:50] 100.00%  8 / 8 packs copied

Rotation details:
  Kept      : 3 snapshot(s)
  Pruned    : 1 old snapshot(s)

Kept snapshots:
ID        Time                 Host        Tags        Reasons        Paths  Size
---------------------------------------------------------------------------------------
15e0993d  2026-06-22 01:00:07  rootnode                last snapshot  /      60.452 GiB
596e3a94  2026-06-23 01:00:04  rootnode                last snapshot  /      60.512 GiB
---------------------------------------------------------------------------------------
2 snapshots
ID        Time                 Host        Tags        Paths  Size
------------------------------------------------------------------------
a92cf38c  2026-06-21 01:00:07  rootnode                /      60.375 GiB
------------------------------------------------------------------------
1 snapshots
