2026-06-18T01:02:37+10:00 Starting R2 offsite copy

snapshot f1fe6158 of [/] at 2026-06-18 01:00:27.080192905 +1000 AEST by root@rootnode
  copy started, this may take a while...
Ignoring "2": multiple IDs with prefix "2" found
[2:05] 100.00%  20 / 20 packs copied

snapshot 50626cf1 saved
2026-06-18T01:05:07+10:00 R2 offsite copy completed
Applying Policy: keep 2 latest snapshots
keep 2 snapshots:
ID        Time                 Host        Tags        Reasons        Paths  Size
---------------------------------------------------------------------------------------
886f8e96  2026-06-17 01:00:07  rootnode                last snapshot  /      59.923 GiB
50626cf1  2026-06-18 01:00:27  rootnode                last snapshot  /      60.147 GiB
---------------------------------------------------------------------------------------
2 snapshots

remove 1 snapshots:
ID        Time                 Host        Tags        Paths  Size
------------------------------------------------------------------------
db6ffe6f  2026-06-16 01:00:07  rootnode                /      59.768 GiB
------------------------------------------------------------------------
1 snapshots

[0:00] 100.00%  1 / 1 files deleted
1 snapshots have been removed, running prune
loading indexes...
loading all snapshots...
finding data that is still in use for 2 snapshots
[0:11] 100.00%  2 / 2 snapshots
searching used packs...
collecting packs for deletion and repacking
[0:02] 100.00%  1229 / 1229 packs processed

to repack:        189048 blobs / 386.054 MiB
this removes:       1160 blobs / 103.756 MiB
to delete:             0 blobs / 0 B
total prune:        1160 blobs / 103.756 MiB
remaining:        807430 blobs / 19.420 GiB
unused size after prune: 991.700 MiB (4.99% of remaining size)

repacking packs
[2:22] 100.00%  25 / 25 packs repacked
rebuilding index
[0:09] 100.00%  21 / 21 indexes processed
[0:00] 100.00%  13 / 13 old indexes deleted
removing 25 old packs
[0:02] 100.00%  25 / 25 files deleted
done
2026-06-18T01:08:06+10:00 R2 rotation complete
