2026-05-25T01:01:50+10:00 Starting R2 offsite copy

snapshot 31f14f81 of [/] at 2026-05-25 01:00:06.671971222 +1000 AEST by root@rootnode
  copy started, this may take a while...
Ignoring "2": no matching ID found for prefix "2"
[0:22] 100.00%  5 / 5 packs copied

snapshot 12bf191c saved
2026-05-25T01:02:36+10:00 R2 offsite copy completed
Applying Policy: keep 2 latest snapshots
keep 2 snapshots:
ID        Time                 Host        Tags        Reasons        Paths  Size
---------------------------------------------------------------------------------------
41aff21f  2026-05-24 01:00:06  rootnode                last snapshot  /      58.558 GiB
12bf191c  2026-05-25 01:00:06  rootnode                last snapshot  /      58.608 GiB
---------------------------------------------------------------------------------------
2 snapshots

remove 1 snapshots:
ID        Time                 Host        Tags        Paths  Size
------------------------------------------------------------------------
128d7a86  2026-05-23 01:00:26  rootnode                /      58.324 GiB
------------------------------------------------------------------------
1 snapshots

[0:00] 100.00%  1 / 1 files deleted
1 snapshots have been removed, running prune
loading indexes...
loading all snapshots...
finding data that is still in use for 2 snapshots
[0:11] 100.00%  2 / 2 snapshots
searching used packs...
collecting packs for deletion and repacking
[0:02] 100.00%  1152 / 1152 packs processed

to repack:        187026 blobs / 380.790 MiB
this removes:        571 blobs / 87.296 MiB
to delete:             0 blobs / 0 B
total prune:         571 blobs / 87.296 MiB
remaining:        798167 blobs / 18.281 GiB
unused size after prune: 935.399 MiB (5.00% of remaining size)

repacking packs
[2:28] 100.00%  25 / 25 packs repacked
rebuilding index
[0:05] 100.00%  21 / 21 indexes processed
[0:00] 100.00%  9 / 9 old indexes deleted
removing 25 old packs
[0:01] 100.00%  25 / 25 files deleted
done
2026-05-25T01:05:36+10:00 R2 rotation complete
