Offsite Backup (Cloudflare R2) Summary
======================================
Copy              : Success
Rotation          : Success
Snapshots in R2   : 3

Timeline:
  Started   : 2026-05-25T01:01:50+10:00
  Completed : 2026-05-25T01:05:36+10:00

Copy details:
  Snapshot  : 31f14f81
  Progress  : [0:22] 100.00%  5 / 5 packs copied

Rotation details:
  Kept      : 3 snapshot(s)
  Pruned    : 1 old snapshot(s)

Kept snapshots:
ID        Time                 Host        Tags        Reasons        Paths  Size
---------------------------------------------------------------------------------------
41aff21f  2026-05-24 01:00:06  rootnode                last snapshot  /      58.558 GiB
12bf191c  2026-05-25 01:00:06  rootnode                last snapshot  /      58.608 GiB
---------------------------------------------------------------------------------------
2 snapshots
ID        Time                 Host        Tags        Paths  Size
------------------------------------------------------------------------
128d7a86  2026-05-23 01:00:26  rootnode                /      58.324 GiB
------------------------------------------------------------------------
1 snapshots
