2026-06-27T01:02:16+10:00 Starting R2 offsite copy

snapshot 57b67436 of [/] at 2026-06-27 01:00:12.841921516 +1000 AEST by root@rootnode
  copy started, this may take a while...
Ignoring "2": multiple IDs with prefix "2" found
[0:53] 100.00%  10 / 10 packs copied

snapshot 93bb22c5 saved
2026-06-27T01:03:34+10:00 R2 offsite copy completed
Applying Policy: keep 2 latest snapshots
keep 2 snapshots:
ID        Time                 Host        Tags        Reasons        Paths  Size
---------------------------------------------------------------------------------------
8175a815  2026-06-26 01:00:11  rootnode                last snapshot  /      60.972 GiB
93bb22c5  2026-06-27 01:00:12  rootnode                last snapshot  /      61.032 GiB
---------------------------------------------------------------------------------------
2 snapshots

remove 1 snapshots:
ID        Time                 Host        Tags        Paths  Size
------------------------------------------------------------------------
9252aa2d  2026-06-25 01:00:12  rootnode                /      60.929 GiB
------------------------------------------------------------------------
1 snapshots

[0:00] 100.00%  1 / 1 files deleted
1 snapshots have been removed, running prune
loading indexes...
loading all snapshots...
finding data that is still in use for 2 snapshots
[0:11] 100.00%  2 / 2 snapshots
searching used packs...
collecting packs for deletion and repacking
[0:02] 100.00%  1260 / 1260 packs processed

to repack:        169963 blobs / 291.155 MiB
this removes:        708 blobs / 97.829 MiB
to delete:             0 blobs / 0 B
total prune:         708 blobs / 97.829 MiB
remaining:        813926 blobs / 19.908 GiB
unused size after prune: 1017.313 MiB (4.99% of remaining size)

repacking packs
[1:36] 100.00%  19 / 19 packs repacked
rebuilding index
[0:06] 100.00%  21 / 21 indexes processed
[0:00] 100.00%  10 / 10 old indexes deleted
removing 19 old packs
[0:01] 100.00%  19 / 19 files deleted
done
2026-06-27T01:05:42+10:00 R2 rotation complete
