Offsite Backup (Cloudflare R2) Summary
======================================
Copy              : Success
Rotation          : Success
Snapshots in R2   : 3

Timeline:
  Started   : 2026-05-07T20:53:25+10:00
  Completed : 2026-05-07T20:55:33+10:00

Copy details:
  Snapshot  : b040776e
  Progress  : [0:19] 100.00%  11 / 11 packs copied

Rotation details:
  Kept      : 3 snapshot(s)
  Pruned    : 1 old snapshot(s)

Kept snapshots:
ID        Time                 Host        Tags        Reasons        Paths  Size
---------------------------------------------------------------------------------------
3c71148e  2026-05-05 01:00:07  rootnode                last snapshot  /      39.568 GiB
3d5cfee0  2026-05-07 20:52:12  rootnode                last snapshot  /      39.572 GiB
---------------------------------------------------------------------------------------
2 snapshots
ID        Time                 Host        Tags        Paths  Size
------------------------------------------------------------------------
18300258  2026-05-04 01:00:07  rootnode                /      39.564 GiB
------------------------------------------------------------------------
1 snapshots
