Offsite Backup (Cloudflare R2) Summary
======================================
Copy              : Success
Rotation          : Success
Snapshots in R2   : 3

Timeline:
  Started   : 2026-05-10T01:01:32+10:00
  Completed : 2026-05-10T01:03:48+10:00

Copy details:
  Snapshot  : 40abda98
  Progress  : [0:33] 100.00%  6 / 6 packs copied

Rotation details:
  Kept      : 3 snapshot(s)
  Pruned    : 1 old snapshot(s)

Kept snapshots:
ID        Time                 Host        Tags        Reasons        Paths  Size
---------------------------------------------------------------------------------------
77b98fa4  2026-05-09 01:00:02  rootnode                last snapshot  /      49.636 GiB
907c3be4  2026-05-10 01:00:08  rootnode                last snapshot  /      49.637 GiB
---------------------------------------------------------------------------------------
2 snapshots
ID        Time                 Host        Tags        Paths  Size
------------------------------------------------------------------------
10bfb0f1  2026-05-08 01:00:08  rootnode                /      49.625 GiB
------------------------------------------------------------------------
1 snapshots
