2026-06-13T01:02:05+10:00 Starting R2 offsite copy

snapshot 094a86fe of [/] at 2026-06-13 01:00:07.16506682 +1000 AEST by root@rootnode
  copy started, this may take a while...
Ignoring "2": multiple IDs with prefix "2" found
[0:25] 100.00%  5 / 5 packs copied

snapshot 7948f56f saved
2026-06-13T01:02:56+10:00 R2 offsite copy completed
Applying Policy: keep 2 latest snapshots
keep 2 snapshots:
ID        Time                 Host        Tags        Reasons        Paths  Size
---------------------------------------------------------------------------------------
6d466bb4  2026-06-12 01:00:27  rootnode                last snapshot  /      59.347 GiB
7948f56f  2026-06-13 01:00:07  rootnode                last snapshot  /      59.385 GiB
---------------------------------------------------------------------------------------
2 snapshots

remove 1 snapshots:
ID        Time                 Host        Tags        Paths  Size
------------------------------------------------------------------------
a92029a5  2026-06-11 01:00:07  rootnode                /      59.297 GiB
------------------------------------------------------------------------
1 snapshots

[0:00] 100.00%  1 / 1 files deleted
1 snapshots have been removed, running prune
loading indexes...
loading all snapshots...
finding data that is still in use for 2 snapshots
[0:11] 100.00%  2 / 2 snapshots
searching used packs...
collecting packs for deletion and repacking
[0:03] 100.00%  1189 / 1189 packs processed

to repack:        187185 blobs / 296.226 MiB
this removes:        597 blobs / 94.654 MiB
to delete:             0 blobs / 0 B
total prune:         597 blobs / 94.654 MiB
remaining:        806911 blobs / 18.818 GiB
unused size after prune: 963.327 MiB (5.00% of remaining size)

repacking packs
[1:42] 100.00%  19 / 19 packs repacked
rebuilding index
[0:05] 100.00%  21 / 21 indexes processed
[0:00] 100.00%  9 / 9 old indexes deleted
removing 19 old packs
[0:01] 100.00%  19 / 19 files deleted
done
2026-06-13T01:05:12+10:00 R2 rotation complete
