Offsite Backup (Cloudflare R2) Summary
======================================
Copy              : Success
Rotation          : Success
Snapshots in R2   : 3

Timeline:
  Started   : 2026-06-13T01:02:05+10:00
  Completed : 2026-06-13T01:05:12+10:00

Copy details:
  Snapshot  : 094a86fe
  Progress  : [0:25] 100.00%  5 / 5 packs copied

Rotation details:
  Kept      : 3 snapshot(s)
  Pruned    : 1 old snapshot(s)

Kept snapshots:
ID        Time                 Host        Tags        Reasons        Paths  Size
---------------------------------------------------------------------------------------
6d466bb4  2026-06-12 01:00:27  rootnode                last snapshot  /      59.347 GiB
7948f56f  2026-06-13 01:00:07  rootnode                last snapshot  /      59.385 GiB
---------------------------------------------------------------------------------------
2 snapshots
ID        Time                 Host        Tags        Paths  Size
------------------------------------------------------------------------
a92029a5  2026-06-11 01:00:07  rootnode                /      59.297 GiB
------------------------------------------------------------------------
1 snapshots
