Offsite Backup (Cloudflare R2) Summary
======================================
Copy              : Success
Rotation          : Success
Snapshots in R2   : 3

Timeline:
  Started   : 2026-05-17T01:02:07+10:00
  Completed : 2026-05-17T01:06:56+10:00

Copy details:
  Snapshot  : 549d245e
  Progress  : [1:15] 100.00%  11 / 11 packs copied

Rotation details:
  Kept      : 3 snapshot(s)
  Pruned    : 1 old snapshot(s)

Kept snapshots:
ID        Time                 Host        Tags        Reasons        Paths  Size
---------------------------------------------------------------------------------------
5ada2c7b  2026-05-16 01:00:08  rootnode                last snapshot  /      57.975 GiB
5c28f2a4  2026-05-17 01:00:08  rootnode                last snapshot  /      58.039 GiB
---------------------------------------------------------------------------------------
2 snapshots
ID        Time                 Host        Tags        Paths  Size
------------------------------------------------------------------------
16b52b2f  2026-05-15 01:00:08  rootnode                /      57.854 GiB
------------------------------------------------------------------------
1 snapshots
