Offsite Backup (Cloudflare R2) Summary
======================================
Copy              : Success
Rotation          : Success
Snapshots in R2   : 3

Timeline:
  Started   : 2026-05-18T01:01:55+10:00
  Completed : 2026-05-18T01:06:43+10:00

Copy details:
  Snapshot  : a9cc3ac2
  Progress  : [1:02] 100.00%  10 / 10 packs copied

Rotation details:
  Kept      : 3 snapshot(s)
  Pruned    : 1 old snapshot(s)

Kept snapshots:
ID        Time                 Host        Tags        Reasons        Paths  Size
---------------------------------------------------------------------------------------
5c28f2a4  2026-05-17 01:00:08  rootnode                last snapshot  /      58.039 GiB
c8b0a3ce  2026-05-18 01:00:02  rootnode                last snapshot  /      58.062 GiB
---------------------------------------------------------------------------------------
2 snapshots
ID        Time                 Host        Tags        Paths  Size
------------------------------------------------------------------------
5ada2c7b  2026-05-16 01:00:08  rootnode                /      57.975 GiB
------------------------------------------------------------------------
1 snapshots
