Offsite Backup (Cloudflare R2) Summary
======================================
Copy              : Success
Rotation          : Success
Snapshots in R2   : 3

Timeline:
  Started   : 2026-05-26T01:02:15+10:00
  Completed : 2026-05-26T01:05:40+10:00

Copy details:
  Snapshot  : 7eca2432
  Progress  : [0:46] 100.00%  7 / 7 packs copied

Rotation details:
  Kept      : 3 snapshot(s)
  Pruned    : 1 old snapshot(s)

Kept snapshots:
ID        Time                 Host        Tags        Reasons        Paths  Size
---------------------------------------------------------------------------------------
12bf191c  2026-05-25 01:00:06  rootnode                last snapshot  /      58.608 GiB
e8978b0e  2026-05-26 01:00:26  rootnode                last snapshot  /      58.660 GiB
---------------------------------------------------------------------------------------
2 snapshots
ID        Time                 Host        Tags        Paths  Size
------------------------------------------------------------------------
41aff21f  2026-05-24 01:00:06  rootnode                /      58.558 GiB
------------------------------------------------------------------------
1 snapshots
