Offsite Backup (Cloudflare R2) Summary
======================================
Copy              : Success
Rotation          : Success
Snapshots in R2   : 3

Timeline:
  Started   : 2026-05-28T01:02:18+10:00
  Completed : 2026-05-28T01:08:20+10:00

Copy details:
  Snapshot  : 295bc175
  Progress  : [3:53] 100.00%  43 / 43 packs copied

Rotation details:
  Kept      : 3 snapshot(s)
  Pruned    : 1 old snapshot(s)

Kept snapshots:
ID        Time                 Host        Tags        Reasons        Paths  Size
---------------------------------------------------------------------------------------
9a609dab  2026-05-27 01:00:26  rootnode                last snapshot  /      58.704 GiB
c8e0da12  2026-05-28 01:00:11  rootnode                last snapshot  /      58.878 GiB
---------------------------------------------------------------------------------------
2 snapshots
ID        Time                 Host        Tags        Paths  Size
------------------------------------------------------------------------
e8978b0e  2026-05-26 01:00:26  rootnode                /      58.660 GiB
------------------------------------------------------------------------
1 snapshots
