2026-04-25T01:00:56+10:00 Starting R2 offsite copy

snapshot c739ae24 of [/] at 2026-04-25 01:00:15.630293177 +1000 AEST by root@rootnode
  copy started, this may take a while...
Ignoring "2": multiple IDs with prefix "2" found
[2:34] 100.00%  22 / 22 packs copied

snapshot b5f4f594 saved
2026-04-25T01:03:49+10:00 R2 offsite copy completed
Applying Policy: keep 2 latest snapshots
keep 2 snapshots:
ID        Time                 Host        Tags        Reasons        Paths  Size
---------------------------------------------------------------------------------------
9aa04024  2026-04-24 01:00:25  rootnode                last snapshot  /      39.452 GiB
b5f4f594  2026-04-25 01:00:15  rootnode                last snapshot  /      39.573 GiB
---------------------------------------------------------------------------------------
2 snapshots

remove 1 snapshots:
ID        Time                 Host        Tags        Paths  Size
------------------------------------------------------------------------
ea5a4fc6  2026-04-23 01:00:15  rootnode                /      39.433 GiB
------------------------------------------------------------------------
1 snapshots

[0:00] 100.00%  1 / 1 files deleted
1 snapshots have been removed, running prune
loading indexes...
loading all snapshots...
finding data that is still in use for 2 snapshots
[0:05] 100.00%  2 / 2 snapshots
searching used packs...
collecting packs for deletion and repacking
[0:01] 100.00%  899 / 899 packs processed

to repack:         86008 blobs / 291.757 MiB
this removes:        902 blobs / 109.232 MiB
to delete:             0 blobs / 0 B
total prune:         902 blobs / 109.232 MiB
remaining:        510825 blobs / 14.273 GiB
unused size after prune: 727.438 MiB (4.98% of remaining size)

repacking packs
[1:38] 100.00%  19 / 19 packs repacked
rebuilding index
[0:06] 100.00%  13 / 13 indexes processed
[0:00] 100.00%  8 / 8 old indexes deleted
removing 19 old packs
[0:01] 100.00%  19 / 19 files deleted
done
2026-04-25T01:05:50+10:00 R2 rotation complete
