Offsite Backup (Cloudflare R2) Summary
======================================
Copy              : Success
Rotation          : Success
Snapshots in R2   : 3

Timeline:
  Started   : 2026-04-25T01:00:56+10:00
  Completed : 2026-04-25T01:05:50+10:00

Copy details:
  Snapshot  : c739ae24
  Progress  : [2:34] 100.00%  22 / 22 packs copied

Rotation details:
  Kept      : 3 snapshot(s)
  Pruned    : 1 old snapshot(s)

Kept snapshots:
ID        Time                 Host        Tags        Reasons        Paths  Size
---------------------------------------------------------------------------------------
9aa04024  2026-04-24 01:00:25  rootnode                last snapshot  /      39.452 GiB
b5f4f594  2026-04-25 01:00:15  rootnode                last snapshot  /      39.573 GiB
---------------------------------------------------------------------------------------
2 snapshots
ID        Time                 Host        Tags        Paths  Size
------------------------------------------------------------------------
ea5a4fc6  2026-04-23 01:00:15  rootnode                /      39.433 GiB
------------------------------------------------------------------------
1 snapshots
