Offsite Backup (Cloudflare R2) Summary
======================================
Copy              : Success
Rotation          : Success
Snapshots in R2   : 3

Timeline:
  Started   : 2026-06-26T01:02:16+10:00
  Completed : 2026-06-26T01:07:14+10:00

Copy details:
  Snapshot  : ed7f72e3
  Progress  : [0:48] 100.00%  10 / 10 packs copied

Rotation details:
  Kept      : 3 snapshot(s)
  Pruned    : 1 old snapshot(s)

Kept snapshots:
ID        Time                 Host        Tags        Reasons        Paths  Size
---------------------------------------------------------------------------------------
9252aa2d  2026-06-25 01:00:12  rootnode                last snapshot  /      60.929 GiB
8175a815  2026-06-26 01:00:11  rootnode                last snapshot  /      60.972 GiB
---------------------------------------------------------------------------------------
2 snapshots
ID        Time                 Host        Tags        Paths  Size
------------------------------------------------------------------------
66dd07bb  2026-06-24 01:00:10  rootnode                /      60.859 GiB
------------------------------------------------------------------------
1 snapshots
