2026-05-03T01:00:41+10:00 Starting R2 offsite copy

snapshot fe66ae40 of [/] at 2026-05-03 01:00:07.95945705 +1000 AEST by root@rootnode
  copy started, this may take a while...
Ignoring "2": multiple IDs with prefix "2" found
[0:47] 100.00%  10 / 10 packs copied

snapshot c7963ef6 saved
2026-05-03T01:01:47+10:00 R2 offsite copy completed
Applying Policy: keep 2 latest snapshots
keep 2 snapshots:
ID        Time                 Host        Tags        Reasons        Paths  Size
---------------------------------------------------------------------------------------
eb1bdb57  2026-05-02 01:00:07  rootnode                last snapshot  /      39.540 GiB
c7963ef6  2026-05-03 01:00:07  rootnode                last snapshot  /      39.552 GiB
---------------------------------------------------------------------------------------
2 snapshots

remove 1 snapshots:
ID        Time                 Host        Tags        Paths  Size
------------------------------------------------------------------------
8531fba2  2026-05-01 01:00:07  rootnode                /      39.645 GiB
------------------------------------------------------------------------
1 snapshots

[0:00] 100.00%  1 / 1 files deleted
1 snapshots have been removed, running prune
loading indexes...
loading all snapshots...
finding data that is still in use for 2 snapshots
[0:05] 100.00%  2 / 2 snapshots
searching used packs...
collecting packs for deletion and repacking
[0:01] 100.00%  910 / 910 packs processed

to repack:         87288 blobs / 568.723 MiB
this removes:       1575 blobs / 263.373 MiB
to delete:            80 blobs / 15.106 MiB
total prune:        1655 blobs / 278.479 MiB
remaining:        511272 blobs / 14.233 GiB
unused size after prune: 726.923 MiB (4.99% of remaining size)

repacking packs
[2:33] 100.00%  38 / 38 packs repacked
rebuilding index
[0:07] 100.00%  13 / 13 indexes processed
[0:00] 100.00%  9 / 9 old indexes deleted
removing 39 old packs
[0:02] 100.00%  39 / 39 files deleted
done
2026-05-03T01:04:46+10:00 R2 rotation complete
