Offsite Backup (Cloudflare R2) Summary
======================================
Copy              : Success
Rotation          : Success
Snapshots in R2   : 3

Timeline:
  Started   : 2026-05-03T01:00:41+10:00
  Completed : 2026-05-03T01:04:46+10:00

Copy details:
  Snapshot  : fe66ae40
  Progress  : [0:47] 100.00%  10 / 10 packs copied

Rotation details:
  Kept      : 3 snapshot(s)
  Pruned    : 1 old snapshot(s)

Kept snapshots:
ID        Time                 Host        Tags        Reasons        Paths  Size
---------------------------------------------------------------------------------------
eb1bdb57  2026-05-02 01:00:07  rootnode                last snapshot  /      39.540 GiB
c7963ef6  2026-05-03 01:00:07  rootnode                last snapshot  /      39.552 GiB
---------------------------------------------------------------------------------------
2 snapshots
ID        Time                 Host        Tags        Paths  Size
------------------------------------------------------------------------
8531fba2  2026-05-01 01:00:07  rootnode                /      39.645 GiB
------------------------------------------------------------------------
1 snapshots
