2026-05-04T01:01:09+10:00 Starting R2 offsite copy

snapshot e59dbc1d of [/] at 2026-05-04 01:00:07.946034063 +1000 AEST by root@rootnode
  copy started, this may take a while...
Ignoring "2": multiple IDs with prefix "2" found
[0:46] 100.00%  8 / 8 packs copied

snapshot 18300258 saved
2026-05-04T01:02:13+10:00 R2 offsite copy completed
Applying Policy: keep 2 latest snapshots
keep 2 snapshots:
ID        Time                 Host        Tags        Reasons        Paths  Size
---------------------------------------------------------------------------------------
c7963ef6  2026-05-03 01:00:07  rootnode                last snapshot  /      39.552 GiB
18300258  2026-05-04 01:00:07  rootnode                last snapshot  /      39.564 GiB
---------------------------------------------------------------------------------------
2 snapshots

remove 1 snapshots:
ID        Time                 Host        Tags        Paths  Size
------------------------------------------------------------------------
eb1bdb57  2026-05-02 01:00:07  rootnode                /      39.540 GiB
------------------------------------------------------------------------
1 snapshots

[0:00] 100.00%  1 / 1 files deleted
1 snapshots have been removed, running prune
loading indexes...
loading all snapshots...
finding data that is still in use for 2 snapshots
[0:05] 100.00%  2 / 2 snapshots
searching used packs...
collecting packs for deletion and repacking
[0:01] 100.00%  897 / 897 packs processed

to repack:         85260 blobs / 321.010 MiB
this removes:        924 blobs / 95.618 MiB
to delete:             0 blobs / 0 B
total prune:         924 blobs / 95.618 MiB
remaining:        511254 blobs / 14.234 GiB
unused size after prune: 726.962 MiB (4.99% of remaining size)

repacking packs
[1:55] 100.00%  22 / 22 packs repacked
rebuilding index
[0:08] 100.00%  13 / 13 indexes processed
[0:00] 100.00%  10 / 10 old indexes deleted
removing 22 old packs
[0:01] 100.00%  22 / 22 files deleted
done
2026-05-04T01:04:33+10:00 R2 rotation complete
