Offsite Backup (Cloudflare R2) Summary
======================================
Copy              : Success
Rotation          : Success
Snapshots in R2   : 3

Timeline:
  Started   : 2026-05-04T01:01:09+10:00
  Completed : 2026-05-04T01:04:33+10:00

Copy details:
  Snapshot  : e59dbc1d
  Progress  : [0:46] 100.00%  8 / 8 packs copied

Rotation details:
  Kept      : 3 snapshot(s)
  Pruned    : 1 old snapshot(s)

Kept snapshots:
ID        Time                 Host        Tags        Reasons        Paths  Size
---------------------------------------------------------------------------------------
c7963ef6  2026-05-03 01:00:07  rootnode                last snapshot  /      39.552 GiB
18300258  2026-05-04 01:00:07  rootnode                last snapshot  /      39.564 GiB
---------------------------------------------------------------------------------------
2 snapshots
ID        Time                 Host        Tags        Paths  Size
------------------------------------------------------------------------
eb1bdb57  2026-05-02 01:00:07  rootnode                /      39.540 GiB
------------------------------------------------------------------------
1 snapshots
