2026-04-20T01:00:49+10:00 Starting R2 offsite copy

snapshot 44d9cd40 of [/] at 2026-04-17 21:00:00.864473742 +1000 AEST by root@rootnode
  copy started, this may take a while...
[0:24] 100.00%  20 / 20 packs copied

snapshot 2625d3cd saved

snapshot d926cb55 of [/] at 2026-04-12 20:22:49.352362963 +1000 AEST by root@rootnode
  copy started, this may take a while...
[3:42] 100.00%  87 / 87 packs copied

snapshot badc3add saved

snapshot d35acd9d of [/] at 2026-04-16 21:00:00.870545435 +1000 AEST by root@rootnode
  copy started, this may take a while...
[0:17] 100.00%  13 / 13 packs copied

snapshot 4505327c saved

snapshot c0d48a4b of [/] at 2026-04-12 20:42:52.546159528 +1000 AEST by root@rootnode
  copy started, this may take a while...
[0:07] 100.00%  2 / 2 packs copied

snapshot 08a6923c saved

snapshot cf0af3c3 of [/] at 2026-04-14 21:00:00.837076955 +1000 AEST by root@rootnode
  copy started, this may take a while...
[0:34] 100.00%  14 / 14 packs copied

snapshot 0f9bb9c1 saved

snapshot fae09583 of [/] at 2026-04-20 01:00:00.785958201 +1000 AEST by root@rootnode
  copy started, this may take a while...
[3:06] 100.00%  27 / 27 packs copied

snapshot 4b33c543 saved

snapshot 765832a4 of [/] at 2026-04-08 21:00:00.845847721 +1000 AEST by root@rootnode
  copy started, this may take a while...
[1:10:36] 100.00%  689 / 689 packs copied

snapshot f49db5bc saved

snapshot cff7461f of [/] at 2026-04-13 21:00:00.801935002 +1000 AEST by root@rootnode
  copy started, this may take a while...
[0:27] 100.00%  8 / 8 packs copied

snapshot 9f794d0d saved

snapshot b2562ac3 of [/] at 2026-04-10 17:21:44.25142515 +1000 AEST by root@rootnode
  copy started, this may take a while...
[1:19] 100.00%  32 / 32 packs copied

snapshot ecfb7df1 saved

snapshot ef416d11 of [/] at 2026-04-06 21:00:00.799447635 +1000 AEST by root@rootnode
  copy started, this may take a while...
[0:53] 100.00%  33 / 33 packs copied

snapshot 4369832d saved

snapshot a04a3ea9 of [/] at 2026-04-15 21:00:00.820422429 +1000 AEST by root@rootnode
  copy started, this may take a while...
[0:11] 100.00%  3 / 3 packs copied

snapshot 28a4ed46 saved

snapshot 00c17e82 of [/] at 2026-04-07 21:00:00.849625988 +1000 AEST by root@rootnode
  copy started, this may take a while...
[0:23] 100.00%  7 / 7 packs copied

snapshot 67c54f0a saved

snapshot 708e1727 of [/] at 2026-04-11 21:00:00.77039816 +1000 AEST by root@rootnode
  copy started, this may take a while...
[0:34] 100.00%  17 / 17 packs copied

snapshot 942ff5be saved

snapshot 38567644 of [/] at 2026-04-09 21:00:00.836712502 +1000 AEST by root@rootnode
  copy started, this may take a while...
[0:20] 100.00%  13 / 13 packs copied

snapshot 668b21e0 saved

snapshot 178214f2 of [/] at 2026-04-10 21:00:00.810019941 +1000 AEST by root@rootnode
  copy started, this may take a while...
[0:07] 100.00%  2 / 2 packs copied

snapshot 29694b74 saved
2026-04-20T02:24:32+10:00 R2 offsite copy completed
Applying Policy: keep 2 latest snapshots
keep 2 snapshots:
ID        Time                 Host        Tags        Reasons        Paths  Size
---------------------------------------------------------------------------------------
1bba08f8  2026-04-19 01:00:00  rootnode                last snapshot  /      38.782 GiB
4b33c543  2026-04-20 01:00:00  rootnode                last snapshot  /      38.960 GiB
---------------------------------------------------------------------------------------
2 snapshots

remove 15 snapshots:
ID        Time                 Host        Tags        Paths  Size
------------------------------------------------------------------------
4369832d  2026-04-06 21:00:00  rootnode                /      47.779 GiB
67c54f0a  2026-04-07 21:00:00  rootnode                /      47.802 GiB
f49db5bc  2026-04-08 21:00:00  rootnode                /      47.815 GiB
668b21e0  2026-04-09 21:00:00  rootnode                /      48.599 GiB
ecfb7df1  2026-04-10 17:21:44  rootnode                /      49.166 GiB
29694b74  2026-04-10 21:00:00  rootnode                /      49.156 GiB
942ff5be  2026-04-11 21:00:00  rootnode                /      51.891 GiB
badc3add  2026-04-12 20:22:49  rootnode                /      42.516 GiB
08a6923c  2026-04-12 20:42:52  rootnode                /      42.517 GiB
9f794d0d  2026-04-13 21:00:00  rootnode                /      40.421 GiB
0f9bb9c1  2026-04-14 21:00:00  rootnode                /      38.509 GiB
28a4ed46  2026-04-15 21:00:00  rootnode                /      38.729 GiB
4505327c  2026-04-16 21:00:00  rootnode                /      38.743 GiB
2625d3cd  2026-04-17 21:00:00  rootnode                /      38.773 GiB
54cb8e34  2026-04-18 01:00:00  rootnode                /      38.766 GiB
------------------------------------------------------------------------
15 snapshots

[0:00] 100.00%  15 / 15 files deleted
15 snapshots have been removed, running prune
loading indexes...
loading all snapshots...
finding data that is still in use for 2 snapshots
[0:07] 100.00%  2 / 2 snapshots
searching used packs...
collecting packs for deletion and repacking
[0:02] 100.00%  1541 / 1541 packs processed

to repack:         78006 blobs / 303.919 MiB
this removes:       1081 blobs / 142.447 MiB
to delete:         86939 blobs / 10.412 GiB
total prune:       88020 blobs / 10.551 GiB
remaining:        474175 blobs / 14.032 GiB
unused size after prune: 715.071 MiB (4.98% of remaining size)

repacking packs
[1:29] 100.00%  21 / 21 packs repacked
rebuilding index
[0:07] 100.00%  33 / 33 indexes processed
[0:01] 100.00%  29 / 29 old indexes deleted
removing 677 old packs
[0:39] 100.00%  677 / 677 files deleted
done
2026-04-20T02:27:10+10:00 R2 rotation complete
