Offsite Backup (Cloudflare R2) Summary
======================================
Copy              : Success
Rotation          : Success
Snapshots in R2   : 3

Timeline:
  Started   : 2026-04-20T01:00:49+10:00
  Completed : 2026-04-20T02:27:10+10:00

Copy details:
  Snapshot  : 44d9cd40
  Progress  : [0:07] 100.00%  2 / 2 packs copied

Rotation details:
  Kept      : 3 snapshot(s)
  Pruned    : 15 old snapshot(s)

Kept snapshots:
ID        Time                 Host        Tags        Reasons        Paths  Size
---------------------------------------------------------------------------------------
1bba08f8  2026-04-19 01:00:00  rootnode                last snapshot  /      38.782 GiB
4b33c543  2026-04-20 01:00:00  rootnode                last snapshot  /      38.960 GiB
---------------------------------------------------------------------------------------
2 snapshots
ID        Time                 Host        Tags        Paths  Size
------------------------------------------------------------------------
4369832d  2026-04-06 21:00:00  rootnode                /      47.779 GiB
67c54f0a  2026-04-07 21:00:00  rootnode                /      47.802 GiB
f49db5bc  2026-04-08 21:00:00  rootnode                /      47.815 GiB
668b21e0  2026-04-09 21:00:00  rootnode                /      48.599 GiB
ecfb7df1  2026-04-10 17:21:44  rootnode                /      49.166 GiB
29694b74  2026-04-10 21:00:00  rootnode                /      49.156 GiB
942ff5be  2026-04-11 21:00:00  rootnode                /      51.891 GiB
badc3add  2026-04-12 20:22:49  rootnode                /      42.516 GiB
08a6923c  2026-04-12 20:42:52  rootnode                /      42.517 GiB
9f794d0d  2026-04-13 21:00:00  rootnode                /      40.421 GiB
0f9bb9c1  2026-04-14 21:00:00  rootnode                /      38.509 GiB
28a4ed46  2026-04-15 21:00:00  rootnode                /      38.729 GiB
4505327c  2026-04-16 21:00:00  rootnode                /      38.743 GiB
2625d3cd  2026-04-17 21:00:00  rootnode                /      38.773 GiB
54cb8e34  2026-04-18 01:00:00  rootnode                /      38.766 GiB
------------------------------------------------------------------------
15 snapshots
