2026-06-16T01:02:16+10:00 Starting R2 offsite copy

snapshot a46a9fc1 of [/] at 2026-06-16 01:00:07.212863374 +1000 AEST by root@rootnode
  copy started, this may take a while...
Ignoring "2": multiple IDs with prefix "2" found
[0:55] 100.00%  10 / 10 packs copied

snapshot db6ffe6f saved
2026-06-16T01:03:36+10:00 R2 offsite copy completed
Applying Policy: keep 2 latest snapshots
keep 2 snapshots:
ID        Time                 Host        Tags        Reasons        Paths  Size
---------------------------------------------------------------------------------------
a9888ffa  2026-06-15 01:00:07  rootnode                last snapshot  /      59.708 GiB
db6ffe6f  2026-06-16 01:00:07  rootnode                last snapshot  /      59.768 GiB
---------------------------------------------------------------------------------------
2 snapshots

remove 1 snapshots:
ID        Time                 Host        Tags        Paths  Size
------------------------------------------------------------------------
d788b98b  2026-06-14 01:00:07  rootnode                /      59.646 GiB
------------------------------------------------------------------------
1 snapshots

[0:00] 100.00%  1 / 1 files deleted
1 snapshots have been removed, running prune
loading indexes...
loading all snapshots...
finding data that is still in use for 2 snapshots
[0:11] 100.00%  2 / 2 snapshots
searching used packs...
collecting packs for deletion and repacking
[0:02] 100.00%  1209 / 1209 packs processed

to repack:        187761 blobs / 382.986 MiB
this removes:        590 blobs / 90.684 MiB
to delete:             0 blobs / 0 B
total prune:         590 blobs / 90.684 MiB
remaining:        808008 blobs / 19.127 GiB
unused size after prune: 978.336 MiB (4.99% of remaining size)

repacking packs
[2:21] 100.00%  24 / 24 packs repacked
rebuilding index
[0:07] 100.00%  21 / 21 indexes processed
[0:00] 100.00%  11 / 11 old indexes deleted
removing 24 old packs
[0:01] 100.00%  24 / 24 files deleted
done
2026-06-16T01:06:30+10:00 R2 rotation complete
