2026-06-28T01:02:15+10:00 Starting R2 offsite copy

snapshot 11c93ae1 of [/] at 2026-06-28 01:00:09.080627225 +1000 AEST by root@rootnode
  copy started, this may take a while...
Ignoring "2": multiple IDs with prefix "2" found
[0:50] 100.00%  18 / 18 packs copied

snapshot 64f9588a saved
2026-06-28T01:03:30+10:00 R2 offsite copy completed
Applying Policy: keep 2 latest snapshots
keep 2 snapshots:
ID        Time                 Host        Tags        Reasons        Paths  Size
---------------------------------------------------------------------------------------
93bb22c5  2026-06-27 01:00:12  rootnode                last snapshot  /      61.032 GiB
64f9588a  2026-06-28 01:00:09  rootnode                last snapshot  /      61.091 GiB
---------------------------------------------------------------------------------------
2 snapshots

remove 1 snapshots:
ID        Time                 Host        Tags        Paths  Size
------------------------------------------------------------------------
8175a815  2026-06-26 01:00:11  rootnode                /      60.972 GiB
------------------------------------------------------------------------
1 snapshots

[0:00] 100.00%  1 / 1 files deleted
1 snapshots have been removed, running prune
loading indexes...
loading all snapshots...
finding data that is still in use for 2 snapshots
[0:11] 100.00%  2 / 2 snapshots
searching used packs...
collecting packs for deletion and repacking
[0:02] 100.00%  1261 / 1261 packs processed

to repack:        191502 blobs / 297.101 MiB
this removes:        657 blobs / 100.914 MiB
to delete:            17 blobs / 3.987 MiB
total prune:         674 blobs / 104.900 MiB
remaining:        814029 blobs / 19.912 GiB
unused size after prune: 1017.441 MiB (4.99% of remaining size)

repacking packs
[1:38] 100.00%  19 / 19 packs repacked
rebuilding index
[0:07] 100.00%  21 / 21 indexes processed
[0:00] 100.00%  11 / 11 old indexes deleted
removing 20 old packs
[0:01] 100.00%  20 / 20 files deleted
done
2026-06-28T01:05:41+10:00 R2 rotation complete
