Offsite Backup (Cloudflare R2) Summary
======================================
Copy              : Success
Rotation          : Success
Snapshots in R2   : 3

Timeline:
  Started   : 2026-06-28T01:02:15+10:00
  Completed : 2026-06-28T01:05:41+10:00

Copy details:
  Snapshot  : 11c93ae1
  Progress  : [0:50] 100.00%  18 / 18 packs copied

Rotation details:
  Kept      : 3 snapshot(s)
  Pruned    : 1 old snapshot(s)

Kept snapshots:
ID        Time                 Host        Tags        Reasons        Paths  Size
---------------------------------------------------------------------------------------
93bb22c5  2026-06-27 01:00:12  rootnode                last snapshot  /      61.032 GiB
64f9588a  2026-06-28 01:00:09  rootnode                last snapshot  /      61.091 GiB
---------------------------------------------------------------------------------------
2 snapshots
ID        Time                 Host        Tags        Paths  Size
------------------------------------------------------------------------
8175a815  2026-06-26 01:00:11  rootnode                /      60.972 GiB
------------------------------------------------------------------------
1 snapshots
