2026-06-15T01:02:05+10:00 Starting R2 offsite copy

snapshot bf67a132 of [/] at 2026-06-15 01:00:07.098999881 +1000 AEST by root@rootnode
  copy started, this may take a while...
Ignoring "2": multiple IDs with prefix "2" found
[0:40] 100.00%  7 / 7 packs copied

snapshot a9888ffa saved
2026-06-15T01:03:10+10:00 R2 offsite copy completed
Applying Policy: keep 2 latest snapshots
keep 2 snapshots:
ID        Time                 Host        Tags        Reasons        Paths  Size
---------------------------------------------------------------------------------------
d788b98b  2026-06-14 01:00:07  rootnode                last snapshot  /      59.646 GiB
a9888ffa  2026-06-15 01:00:07  rootnode                last snapshot  /      59.708 GiB
---------------------------------------------------------------------------------------
2 snapshots

remove 1 snapshots:
ID        Time                 Host        Tags        Paths  Size
------------------------------------------------------------------------
7948f56f  2026-06-13 01:00:07  rootnode                /      59.385 GiB
------------------------------------------------------------------------
1 snapshots

[0:00] 100.00%  1 / 1 files deleted
1 snapshots have been removed, running prune
loading indexes...
loading all snapshots...
finding data that is still in use for 2 snapshots
[0:11] 100.00%  2 / 2 snapshots
searching used packs...
collecting packs for deletion and repacking
[0:02] 100.00%  1208 / 1208 packs processed

to repack:        186995 blobs / 271.540 MiB
this removes:        624 blobs / 73.328 MiB
to delete:             0 blobs / 0 B
total prune:         624 blobs / 73.328 MiB
remaining:        807585 blobs / 19.101 GiB
unused size after prune: 974.175 MiB (4.98% of remaining size)

repacking packs
[1:39] 100.00%  20 / 20 packs repacked
rebuilding index
[0:05] 100.00%  20 / 20 indexes processed
[0:00] 100.00%  8 / 8 old indexes deleted
removing 20 old packs
[0:01] 100.00%  20 / 20 files deleted
done
2026-06-15T01:05:20+10:00 R2 rotation complete
