Offsite Backup (Cloudflare R2) Summary
======================================
Copy              : Success
Rotation          : Success
Snapshots in R2   : 3

Timeline:
  Started   : 2026-06-15T01:02:05+10:00
  Completed : 2026-06-15T01:05:20+10:00

Copy details:
  Snapshot  : bf67a132
  Progress  : [0:40] 100.00%  7 / 7 packs copied

Rotation details:
  Kept      : 3 snapshot(s)
  Pruned    : 1 old snapshot(s)

Kept snapshots:
ID        Time                 Host        Tags        Reasons        Paths  Size
---------------------------------------------------------------------------------------
d788b98b  2026-06-14 01:00:07  rootnode                last snapshot  /      59.646 GiB
a9888ffa  2026-06-15 01:00:07  rootnode                last snapshot  /      59.708 GiB
---------------------------------------------------------------------------------------
2 snapshots
ID        Time                 Host        Tags        Paths  Size
------------------------------------------------------------------------
7948f56f  2026-06-13 01:00:07  rootnode                /      59.385 GiB
------------------------------------------------------------------------
1 snapshots
