2026-06-17T01:02:18+10:00 Starting R2 offsite copy

snapshot fb7afa90 of [/] at 2026-06-17 01:00:07.219217336 +1000 AEST by root@rootnode
  copy started, this may take a while...
Ignoring "2": multiple IDs with prefix "2" found
[1:35] 100.00%  15 / 15 packs copied

snapshot 886f8e96 saved
2026-06-17T01:04:18+10:00 R2 offsite copy completed
Applying Policy: keep 2 latest snapshots
keep 2 snapshots:
ID        Time                 Host        Tags        Reasons        Paths  Size
---------------------------------------------------------------------------------------
db6ffe6f  2026-06-16 01:00:07  rootnode                last snapshot  /      59.768 GiB
886f8e96  2026-06-17 01:00:07  rootnode                last snapshot  /      59.923 GiB
---------------------------------------------------------------------------------------
2 snapshots

remove 1 snapshots:
ID        Time                 Host        Tags        Paths  Size
------------------------------------------------------------------------
a9888ffa  2026-06-15 01:00:07  rootnode                /      59.708 GiB
------------------------------------------------------------------------
1 snapshots

[0:00] 100.00%  1 / 1 files deleted
1 snapshots have been removed, running prune
loading indexes...
loading all snapshots...
finding data that is still in use for 2 snapshots
[0:11] 100.00%  2 / 2 snapshots
searching used packs...
collecting packs for deletion and repacking
[0:02] 100.00%  1217 / 1217 packs processed

to repack:        188887 blobs / 316.485 MiB
this removes:       1926 blobs / 73.187 MiB
to delete:             0 blobs / 0 B
total prune:        1926 blobs / 73.187 MiB
remaining:        807798 blobs / 19.251 GiB
unused size after prune: 983.208 MiB (4.99% of remaining size)

repacking packs
[1:58] 100.00%  21 / 21 packs repacked
rebuilding index
[0:10] 100.00%  21 / 21 indexes processed
[0:00] 100.00%  14 / 14 old indexes deleted
removing 21 old packs
[0:01] 100.00%  21 / 21 files deleted
done
2026-06-17T01:06:53+10:00 R2 rotation complete
