Offsite Backup (Cloudflare R2) Summary
======================================
Copy              : Success
Rotation          : Success
Snapshots in R2   : 3

Timeline:
  Started   : 2026-05-23T01:02:22+10:00
  Completed : 2026-05-23T01:07:07+10:00

Copy details:
  Snapshot  : baed5a74
  Progress  : [2:43] 100.00%  28 / 28 packs copied

Rotation details:
  Kept      : 3 snapshot(s)
  Pruned    : 1 old snapshot(s)

Kept snapshots:
ID        Time                 Host        Tags        Reasons        Paths  Size
---------------------------------------------------------------------------------------
f6fb4b09  2026-05-21 01:00:08  rootnode                last snapshot  /      58.126 GiB
128d7a86  2026-05-23 01:00:26  rootnode                last snapshot  /      58.324 GiB
---------------------------------------------------------------------------------------
2 snapshots
ID        Time                 Host        Tags        Paths  Size
------------------------------------------------------------------------
1e7fd486  2026-05-20 01:00:08  rootnode                /      58.107 GiB
------------------------------------------------------------------------
1 snapshots
