Offsite Backup (Cloudflare R2) Summary
======================================
Copy              : Success
Rotation          : Success
Snapshots in R2   : 3

Timeline:
  Started   : 2026-04-24T01:01:04+10:00
  Completed : 2026-04-24T02:30:54+10:00

Copy details:
  Snapshot  : 44d9cd40
  Progress  : [0:07] 100.00%  2 / 2 packs copied

Rotation details:
  Kept      : 3 snapshot(s)
  Pruned    : 19 old snapshot(s)

Kept snapshots:
ID        Time                 Host        Tags        Reasons        Paths  Size
---------------------------------------------------------------------------------------
ea5a4fc6  2026-04-23 01:00:15  rootnode                last snapshot  /      39.433 GiB
9aa04024  2026-04-24 01:00:25  rootnode                last snapshot  /      39.452 GiB
---------------------------------------------------------------------------------------
2 snapshots
ID        Time                 Host        Tags        Paths  Size
------------------------------------------------------------------------
5b33c4f6  2026-04-06 21:00:00  rootnode                /      47.779 GiB
eb1538f2  2026-04-07 21:00:00  rootnode                /      47.802 GiB
e7dd6d30  2026-04-08 21:00:00  rootnode                /      47.815 GiB
313a8928  2026-04-09 21:00:00  rootnode                /      48.599 GiB
a9bb1f7b  2026-04-10 17:21:44  rootnode                /      49.166 GiB
4ec90236  2026-04-10 21:00:00  rootnode                /      49.156 GiB
a1c614d9  2026-04-11 21:00:00  rootnode                /      51.891 GiB
7f9a95a4  2026-04-12 20:22:49  rootnode                /      42.516 GiB
6db606dd  2026-04-12 20:42:52  rootnode                /      42.517 GiB
3efee1db  2026-04-13 21:00:00  rootnode                /      40.421 GiB
40a87577  2026-04-14 21:00:00  rootnode                /      38.509 GiB
1422ffd1  2026-04-15 21:00:00  rootnode                /      38.729 GiB
94d1b99a  2026-04-16 21:00:00  rootnode                /      38.743 GiB
6558382a  2026-04-17 21:00:00  rootnode                /      38.773 GiB
13ba1dd6  2026-04-18 01:00:00  rootnode                /      38.766 GiB
32c7c92e  2026-04-19 01:00:00  rootnode                /      38.782 GiB
adbaf465  2026-04-20 01:00:00  rootnode                /      38.960 GiB
62027c08  2026-04-21 01:00:00  rootnode                /      39.002 GiB
5730537b  2026-04-22 01:00:25  rootnode                /      39.189 GiB
------------------------------------------------------------------------
19 snapshots
