2026-04-30T19:01:46+10:00 Starting R2 offsite copy

snapshot c0231f2b of [/] at 2026-04-30 19:01:01.284760405 +1000 AEST by root@rootnode
  copy started, this may take a while...
Ignoring "2": multiple IDs with prefix "2" found
[1:01] 100.00%  10 / 10 packs copied

snapshot 126e8b9a saved
2026-04-30T19:03:06+10:00 R2 offsite copy completed
Applying Policy: keep 2 latest snapshots
keep 2 snapshots:
ID        Time                 Host        Tags        Reasons        Paths  Size
---------------------------------------------------------------------------------------
d09b4b9d  2026-04-29 01:00:15  rootnode                last snapshot  /      39.402 GiB
126e8b9a  2026-04-30 19:01:01  rootnode                last snapshot  /      39.411 GiB
---------------------------------------------------------------------------------------
2 snapshots

remove 1 snapshots:
ID        Time                 Host        Tags        Paths  Size
------------------------------------------------------------------------
f00117e6  2026-04-28 01:00:25  rootnode                /      39.389 GiB
------------------------------------------------------------------------
1 snapshots

[0:00] 100.00%  1 / 1 files deleted
1 snapshots have been removed, running prune
loading indexes...
loading all snapshots...
finding data that is still in use for 2 snapshots
[0:06] 100.00%  2 / 2 snapshots
searching used packs...
collecting packs for deletion and repacking
[0:01] 100.00%  894 / 894 packs processed

to repack:         86067 blobs / 309.750 MiB
this removes:        822 blobs / 106.995 MiB
to delete:             0 blobs / 0 B
total prune:         822 blobs / 106.995 MiB
remaining:        520758 blobs / 14.158 GiB
unused size after prune: 722.146 MiB (4.98% of remaining size)

repacking packs
[1:47] 100.00%  22 / 22 packs repacked
rebuilding index
[0:08] 100.00%  13 / 13 indexes processed
[0:00] 100.00%  9 / 9 old indexes deleted
removing 22 old packs
[0:01] 100.00%  22 / 22 files deleted
done
2026-04-30T19:05:19+10:00 R2 rotation complete
