Offsite Backup (Cloudflare R2) Summary
======================================
Copy              : Success
Rotation          : Success
Snapshots in R2   : 3

Timeline:
  Started   : 2026-06-14T01:02:10+10:00
  Completed : 2026-06-14T01:06:57+10:00

Copy details:
  Snapshot  : 50023613
  Progress  : [2:22] 100.00%  20 / 20 packs copied

Rotation details:
  Kept      : 3 snapshot(s)
  Pruned    : 1 old snapshot(s)

Kept snapshots:
ID        Time                 Host        Tags        Reasons        Paths  Size
---------------------------------------------------------------------------------------
7948f56f  2026-06-13 01:00:07  rootnode                last snapshot  /      59.385 GiB
d788b98b  2026-06-14 01:00:07  rootnode                last snapshot  /      59.646 GiB
---------------------------------------------------------------------------------------
2 snapshots
ID        Time                 Host        Tags        Paths  Size
------------------------------------------------------------------------
6d466bb4  2026-06-12 01:00:27  rootnode                /      59.347 GiB
------------------------------------------------------------------------
1 snapshots
