2026-06-03T01:01:59+10:00 Starting R2 offsite copy

snapshot 71892e64 of [/] at 2026-06-03 01:00:02.454951964 +1000 AEST by root@rootnode
  copy started, this may take a while...
[1:45] 100.00%  16 / 16 packs copied

snapshot ad8a0fc5 saved
2026-06-03T01:04:08+10:00 R2 offsite copy completed
Applying Policy: keep 2 latest snapshots
keep 2 snapshots:
ID        Time                 Host        Tags        Reasons        Paths  Size
---------------------------------------------------------------------------------------
6d00e359  2026-06-02 11:16:36  rootnode                last snapshot  /      58.946 GiB
ad8a0fc5  2026-06-03 01:00:02  rootnode                last snapshot  /      59.267 GiB
---------------------------------------------------------------------------------------
2 snapshots

remove 1 snapshots:
ID        Time                 Host        Tags        Paths  Size
------------------------------------------------------------------------
c8e0da12  2026-05-28 01:00:11  rootnode                /      58.878 GiB
------------------------------------------------------------------------
1 snapshots

[0:00] 100.00%  1 / 1 files deleted
1 snapshots have been removed, running prune
loading indexes...
loading all snapshots...
finding data that is still in use for 2 snapshots
[0:11] 100.00%  2 / 2 snapshots
searching used packs...
collecting packs for deletion and repacking
[0:02] 100.00%  1177 / 1177 packs processed

to repack:        187342 blobs / 397.212 MiB
this removes:      43674 blobs / 122.381 MiB
to delete:             0 blobs / 0 B
total prune:       43674 blobs / 122.381 MiB
remaining:        802261 blobs / 18.642 GiB
unused size after prune: 952.112 MiB (4.99% of remaining size)

repacking packs
[4:52] 100.00%  26 / 26 packs repacked
rebuilding index
[0:07] 100.00%  20 / 20 indexes processed
[0:00] 100.00%  11 / 11 old indexes deleted
removing 26 old packs
[0:01] 100.00%  26 / 26 files deleted
done
2026-06-03T01:09:34+10:00 R2 rotation complete
