Offsite Backup (Cloudflare R2) Summary
======================================
Copy              : Success
Rotation          : Success
Snapshots in R2   : 3

Timeline:
  Started   : 2026-06-03T01:01:59+10:00
  Completed : 2026-06-03T01:09:34+10:00

Copy details:
  Snapshot  : 71892e64
  Progress  : [1:45] 100.00%  16 / 16 packs copied

Rotation details:
  Kept      : 3 snapshot(s)
  Pruned    : 1 old snapshot(s)

Kept snapshots:
ID        Time                 Host        Tags        Reasons        Paths  Size
---------------------------------------------------------------------------------------
6d00e359  2026-06-02 11:16:36  rootnode                last snapshot  /      58.946 GiB
ad8a0fc5  2026-06-03 01:00:02  rootnode                last snapshot  /      59.267 GiB
---------------------------------------------------------------------------------------
2 snapshots
ID        Time                 Host        Tags        Paths  Size
------------------------------------------------------------------------
c8e0da12  2026-05-28 01:00:11  rootnode                /      58.878 GiB
------------------------------------------------------------------------
1 snapshots
