2026-06-10T01:01:55+10:00 Starting R2 offsite copy

snapshot 81807fb7 of [/] at 2026-06-10 01:00:04.358484698 +1000 AEST by root@rootnode
  copy started, this may take a while...
Ignoring "2": multiple IDs with prefix "2" found
[0:51] 100.00%  8 / 8 packs copied

snapshot 009bcad3 saved
2026-06-10T01:03:12+10:00 R2 offsite copy completed
Applying Policy: keep 2 latest snapshots
keep 2 snapshots:
ID        Time                 Host        Tags        Reasons        Paths  Size
---------------------------------------------------------------------------------------
425fc0ea  2026-06-09 01:00:01  rootnode                last snapshot  /      59.823 GiB
009bcad3  2026-06-10 01:00:04  rootnode                last snapshot  /      59.886 GiB
---------------------------------------------------------------------------------------
2 snapshots

remove 1 snapshots:
ID        Time                 Host        Tags        Paths  Size
------------------------------------------------------------------------
9d268393  2026-06-08 01:00:04  rootnode                /      59.766 GiB
------------------------------------------------------------------------
1 snapshots

[0:00] 100.00%  1 / 1 files deleted
1 snapshots have been removed, running prune
loading indexes...
loading all snapshots...
finding data that is still in use for 2 snapshots
[0:11] 100.00%  2 / 2 snapshots
searching used packs...
collecting packs for deletion and repacking
[0:02] 100.00%  1192 / 1192 packs processed

to repack:        187081 blobs / 263.570 MiB
this removes:        859 blobs / 50.439 MiB
to delete:             0 blobs / 0 B
total prune:         859 blobs / 50.439 MiB
remaining:        807276 blobs / 18.906 GiB
unused size after prune: 964.992 MiB (4.98% of remaining size)

repacking packs
[1:50] 100.00%  17 / 17 packs repacked
rebuilding index
[0:06] 100.00%  21 / 21 indexes processed
[0:00] 100.00%  10 / 10 old indexes deleted
removing 17 old packs
[0:01] 100.00%  17 / 17 files deleted
done
2026-06-10T01:05:34+10:00 R2 rotation complete
