2026-06-08T01:01:56+10:00 Starting R2 offsite copy

snapshot 0f5d369b of [/] at 2026-06-08 01:00:04.595636298 +1000 AEST by root@rootnode
  copy started, this may take a while...
Ignoring "2": multiple IDs with prefix "2" found
[0:49] 100.00%  9 / 9 packs copied

snapshot 9d268393 saved
2026-06-08T01:03:09+10:00 R2 offsite copy completed
Applying Policy: keep 2 latest snapshots
keep 2 snapshots:
ID        Time                 Host        Tags        Reasons        Paths  Size
---------------------------------------------------------------------------------------
51728904  2026-06-07 01:00:04  rootnode                last snapshot  /      59.712 GiB
9d268393  2026-06-08 01:00:04  rootnode                last snapshot  /      59.766 GiB
---------------------------------------------------------------------------------------
2 snapshots

remove 1 snapshots:
ID        Time                 Host        Tags        Paths  Size
------------------------------------------------------------------------
2d8e8169  2026-06-06 01:00:04  rootnode                /      59.656 GiB
------------------------------------------------------------------------
1 snapshots

[0:00] 100.00%  1 / 1 files deleted
1 snapshots have been removed, running prune
loading indexes...
loading all snapshots...
finding data that is still in use for 2 snapshots
[0:11] 100.00%  2 / 2 snapshots
searching used packs...
collecting packs for deletion and repacking
[0:02] 100.00%  1188 / 1188 packs processed

to repack:        120699 blobs / 144.079 MiB
this removes:        808 blobs / 14.211 MiB
to delete:             0 blobs / 0 B
total prune:         808 blobs / 14.211 MiB
remaining:        807097 blobs / 18.889 GiB
unused size after prune: 966.933 MiB (5.00% of remaining size)

repacking packs
[1:06] 100.00%  10 / 10 packs repacked
rebuilding index
[0:08] 100.00%  19 / 19 indexes processed
[0:00] 100.00%  10 / 10 old indexes deleted
removing 10 old packs
[0:00] 100.00%  10 / 10 files deleted
done
2026-06-08T01:04:48+10:00 R2 rotation complete
