Offsite Backup (Cloudflare R2) Summary
======================================
Copy              : Success
Rotation          : Success
Snapshots in R2   : 3

Timeline:
  Started   : 2026-06-07T01:01:54+10:00
  Completed : 2026-06-07T01:06:28+10:00

Copy details:
  Snapshot  : a806c7c3
  Progress  : [0:16] 100.00%  3 / 3 packs copied

Rotation details:
  Kept      : 3 snapshot(s)
  Pruned    : 1 old snapshot(s)

Kept snapshots:
ID        Time                 Host        Tags        Reasons        Paths  Size
---------------------------------------------------------------------------------------
2d8e8169  2026-06-06 01:00:04  rootnode                last snapshot  /      59.656 GiB
51728904  2026-06-07 01:00:04  rootnode                last snapshot  /      59.712 GiB
---------------------------------------------------------------------------------------
2 snapshots
ID        Time                 Host        Tags        Paths  Size
------------------------------------------------------------------------
c1910101  2026-06-05 01:00:16  rootnode                /      59.475 GiB
------------------------------------------------------------------------
1 snapshots
