2026-05-16T01:02:06+10:00 Starting R2 offsite copy

snapshot 9f283b5d of [/] at 2026-05-16 01:00:08.207018926 +1000 AEST by root@rootnode
  copy started, this may take a while...
Ignoring "2": multiple IDs with prefix "2" found
[1:53] 100.00%  18 / 18 packs copied

snapshot 5ada2c7b saved
2026-05-16T01:04:25+10:00 R2 offsite copy completed
Applying Policy: keep 2 latest snapshots
keep 2 snapshots:
ID        Time                 Host        Tags        Reasons        Paths  Size
---------------------------------------------------------------------------------------
16b52b2f  2026-05-15 01:00:08  rootnode                last snapshot  /      57.854 GiB
5ada2c7b  2026-05-16 01:00:08  rootnode                last snapshot  /      57.975 GiB
---------------------------------------------------------------------------------------
2 snapshots

remove 1 snapshots:
ID        Time                 Host        Tags        Paths  Size
------------------------------------------------------------------------
16a51faf  2026-05-14 01:00:18  rootnode                /      58.135 GiB
------------------------------------------------------------------------
1 snapshots

[0:00] 100.00%  1 / 1 files deleted
1 snapshots have been removed, running prune
loading indexes...
loading all snapshots...
finding data that is still in use for 2 snapshots
[0:11] 100.00%  2 / 2 snapshots
searching used packs...
collecting packs for deletion and repacking
[0:02] 100.00%  1145 / 1145 packs processed

to repack:        194828 blobs / 584.501 MiB
this removes:       8744 blobs / 187.637 MiB
to delete:             0 blobs / 0 B
total prune:        8744 blobs / 187.637 MiB
remaining:        798046 blobs / 18.099 GiB
unused size after prune: 924.861 MiB (4.99% of remaining size)

repacking packs
[3:24] 100.00%  37 / 37 packs repacked
rebuilding index
[0:09] 100.00%  21 / 21 indexes processed
[0:00] 100.00%  13 / 13 old indexes deleted
removing 37 old packs
[0:02] 100.00%  37 / 37 files deleted
done
2026-05-16T01:08:27+10:00 R2 rotation complete
