2026-04-28T01:00:59+10:00 Starting R2 offsite copy

snapshot 8c9881fb of [/] at 2026-04-28 01:00:25.55614142 +1000 AEST by root@rootnode
  copy started, this may take a while...
Ignoring "2": multiple IDs with prefix "2" found
[0:25] 100.00%  5 / 5 packs copied

snapshot f00117e6 saved
2026-04-28T01:01:42+10:00 R2 offsite copy completed
Applying Policy: keep 2 latest snapshots
keep 2 snapshots:
ID        Time                 Host        Tags        Reasons        Paths  Size
---------------------------------------------------------------------------------------
6d158a74  2026-04-27 01:00:25  rootnode                last snapshot  /      39.374 GiB
f00117e6  2026-04-28 01:00:25  rootnode                last snapshot  /      39.389 GiB
---------------------------------------------------------------------------------------
2 snapshots

remove 1 snapshots:
ID        Time                 Host        Tags        Paths  Size
------------------------------------------------------------------------
e3929465  2026-04-26 01:00:18  rootnode                /      39.581 GiB
------------------------------------------------------------------------
1 snapshots

[0:00] 100.00%  1 / 1 files deleted
1 snapshots have been removed, running prune
loading indexes...
loading all snapshots...
finding data that is still in use for 2 snapshots
[0:05] 100.00%  2 / 2 snapshots
searching used packs...
collecting packs for deletion and repacking
[0:01] 100.00%  890 / 890 packs processed

to repack:         97246 blobs / 365.646 MiB
this removes:       1362 blobs / 129.972 MiB
to delete:             0 blobs / 0 B
total prune:        1362 blobs / 129.972 MiB
remaining:        509830 blobs / 14.070 GiB
unused size after prune: 717.293 MiB (4.98% of remaining size)

repacking packs
[2:00] 100.00%  25 / 25 packs repacked
rebuilding index
[0:08] 100.00%  14 / 14 indexes processed
[0:00] 100.00%  10 / 10 old indexes deleted
removing 25 old packs
[0:01] 100.00%  25 / 25 files deleted
done
2026-04-28T01:04:09+10:00 R2 rotation complete
