Offsite Backup (Cloudflare R2) Summary
======================================
Copy              : Success
Rotation          : Success
Snapshots in R2   : 3

Timeline:
  Started   : 2026-05-24T01:01:53+10:00
  Completed : 2026-05-24T01:08:04+10:00

Copy details:
  Snapshot  : 5ad2ea3c
  Progress  : [2:05] 100.00%  19 / 19 packs copied

Rotation details:
  Kept      : 3 snapshot(s)
  Pruned    : 1 old snapshot(s)

Kept snapshots:
ID        Time                 Host        Tags        Reasons        Paths  Size
---------------------------------------------------------------------------------------
128d7a86  2026-05-23 01:00:26  rootnode                last snapshot  /      58.324 GiB
41aff21f  2026-05-24 01:00:06  rootnode                last snapshot  /      58.558 GiB
---------------------------------------------------------------------------------------
2 snapshots
ID        Time                 Host        Tags        Paths  Size
------------------------------------------------------------------------
f6fb4b09  2026-05-21 01:00:08  rootnode                /      58.126 GiB
------------------------------------------------------------------------
1 snapshots
