2026-05-02T01:00:46+10:00 Starting R2 offsite copy

snapshot b868d40e of [/] at 2026-05-02 01:00:07.945468066 +1000 AEST by root@rootnode
  copy started, this may take a while...
Ignoring "2": multiple IDs with prefix "2" found
[2:10] 100.00%  19 / 19 packs copied

snapshot eb1bdb57 saved
2026-05-02T01:03:14+10:00 R2 offsite copy completed
Applying Policy: keep 2 latest snapshots
keep 2 snapshots:
ID        Time                 Host        Tags        Reasons        Paths  Size
---------------------------------------------------------------------------------------
8531fba2  2026-05-01 01:00:07  rootnode                last snapshot  /      39.645 GiB
eb1bdb57  2026-05-02 01:00:07  rootnode                last snapshot  /      39.540 GiB
---------------------------------------------------------------------------------------
2 snapshots

remove 1 snapshots:
ID        Time                 Host        Tags        Paths  Size
------------------------------------------------------------------------
126e8b9a  2026-04-30 19:01:01  rootnode                /      39.411 GiB
------------------------------------------------------------------------
1 snapshots

[0:00] 100.00%  1 / 1 files deleted
1 snapshots have been removed, running prune
loading indexes...
loading all snapshots...
finding data that is still in use for 2 snapshots
[0:05] 100.00%  2 / 2 snapshots
searching used packs...
collecting packs for deletion and repacking
[0:01] 100.00%  905 / 905 packs processed

to repack:         84177 blobs / 93.865 MiB
this removes:        526 blobs / 18.490 MiB
to delete:             0 blobs / 0 B
total prune:         526 blobs / 18.490 MiB
remaining:        511870 blobs / 14.407 GiB
unused size after prune: 737.071 MiB (5.00% of remaining size)

repacking packs
[0:39] 100.00%  7 / 7 packs repacked
rebuilding index
[0:05] 100.00%  13 / 13 indexes processed
[0:00] 100.00%  7 / 7 old indexes deleted
removing 7 old packs
[0:00] 100.00%  7 / 7 files deleted
done
2026-05-02T01:04:15+10:00 R2 rotation complete
