Offsite Backup (Cloudflare R2) Summary
======================================
Copy              : Success
Rotation          : Success
Snapshots in R2   : 3

Timeline:
  Started   : 2026-05-02T01:00:46+10:00
  Completed : 2026-05-02T01:04:15+10:00

Copy details:
  Snapshot  : b868d40e
  Progress  : [2:10] 100.00%  19 / 19 packs copied

Rotation details:
  Kept      : 3 snapshot(s)
  Pruned    : 1 old snapshot(s)

Kept snapshots:
ID        Time                 Host        Tags        Reasons        Paths  Size
---------------------------------------------------------------------------------------
8531fba2  2026-05-01 01:00:07  rootnode                last snapshot  /      39.645 GiB
eb1bdb57  2026-05-02 01:00:07  rootnode                last snapshot  /      39.540 GiB
---------------------------------------------------------------------------------------
2 snapshots
ID        Time                 Host        Tags        Paths  Size
------------------------------------------------------------------------
126e8b9a  2026-04-30 19:01:01  rootnode                /      39.411 GiB
------------------------------------------------------------------------
1 snapshots
