Offsite Backup (Cloudflare R2) Summary
======================================
Copy              : Success
Rotation          : Success
Snapshots in R2   : 3

Timeline:
  Started   : 2026-06-22T01:02:14+10:00
  Completed : 2026-06-22T01:06:05+10:00

Copy details:
  Snapshot  : 2e890828
  Progress  : [1:07] 100.00%  11 / 11 packs copied

Rotation details:
  Kept      : 3 snapshot(s)
  Pruned    : 1 old snapshot(s)

Kept snapshots:
ID        Time                 Host        Tags        Reasons        Paths  Size
---------------------------------------------------------------------------------------
a92cf38c  2026-06-21 01:00:07  rootnode                last snapshot  /      60.375 GiB
15e0993d  2026-06-22 01:00:07  rootnode                last snapshot  /      60.452 GiB
---------------------------------------------------------------------------------------
2 snapshots
ID        Time                 Host        Tags        Paths  Size
------------------------------------------------------------------------
f7945e62  2026-06-20 01:00:07  rootnode                /      60.331 GiB
------------------------------------------------------------------------
1 snapshots
