2026-05-21T01:01:57+10:00 Starting R2 offsite copy

snapshot c390dbe1 of [/] at 2026-05-21 01:00:08.204465569 +1000 AEST by root@rootnode
  copy started, this may take a while...
Ignoring "2": no matching ID found for prefix "2"
[0:47] 100.00%  9 / 9 packs copied

snapshot f6fb4b09 saved
2026-05-21T01:03:09+10:00 R2 offsite copy completed
Applying Policy: keep 2 latest snapshots
keep 2 snapshots:
ID        Time                 Host        Tags        Reasons        Paths  Size
---------------------------------------------------------------------------------------
1e7fd486  2026-05-20 01:00:08  rootnode                last snapshot  /      58.107 GiB
f6fb4b09  2026-05-21 01:00:08  rootnode                last snapshot  /      58.126 GiB
---------------------------------------------------------------------------------------
2 snapshots

remove 1 snapshots:
ID        Time                 Host        Tags        Paths  Size
------------------------------------------------------------------------
17ecda46  2026-05-19 01:00:08  rootnode                /      58.077 GiB
------------------------------------------------------------------------
1 snapshots

[0:00] 100.00%  1 / 1 files deleted
1 snapshots have been removed, running prune
loading indexes...
loading all snapshots...
finding data that is still in use for 2 snapshots
[0:11] 100.00%  2 / 2 snapshots
searching used packs...
collecting packs for deletion and repacking
[0:02] 100.00%  1138 / 1138 packs processed

to repack:        122964 blobs / 197.188 MiB
this removes:        550 blobs / 87.159 MiB
to delete:             0 blobs / 0 B
total prune:         550 blobs / 87.159 MiB
remaining:        795969 blobs / 18.033 GiB
unused size after prune: 920.492 MiB (4.98% of remaining size)

repacking packs
[0:57] 100.00%  14 / 14 packs repacked
rebuilding index
[0:05] 100.00%  20 / 20 indexes processed
[0:00] 100.00%  9 / 9 old indexes deleted
removing 14 old packs
[0:00] 100.00%  14 / 14 files deleted
done
2026-05-21T01:04:37+10:00 R2 rotation complete
