Offsite Backup (Cloudflare R2) Summary
======================================
Copy              : Success
Rotation          : Success
Snapshots in R2   : 3

Timeline:
  Started   : 2026-06-29T01:02:17+10:00
  Completed : 2026-06-29T01:06:16+10:00

Copy details:
  Snapshot  : 90250183
  Progress  : [1:51] 100.00%  16 / 16 packs copied

Rotation details:
  Kept      : 3 snapshot(s)
  Pruned    : 1 old snapshot(s)

Kept snapshots:
ID        Time                 Host        Tags        Reasons        Paths  Size
---------------------------------------------------------------------------------------
64f9588a  2026-06-28 01:00:09  rootnode                last snapshot  /      61.091 GiB
ffe3d020  2026-06-29 01:00:10  rootnode                last snapshot  /      61.307 GiB
---------------------------------------------------------------------------------------
2 snapshots
ID        Time                 Host        Tags        Paths  Size
------------------------------------------------------------------------
93bb22c5  2026-06-27 01:00:12  rootnode                /      61.032 GiB
------------------------------------------------------------------------
1 snapshots
