2026-05-15T01:02:01+10:00 Starting R2 offsite copy
Ignoring "2": multiple IDs with prefix "2" found

snapshot 983fd14c of [/] at 2026-05-15 01:00:08.197742217 +1000 AEST by root@rootnode
  copy started, this may take a while...
[2:39] 100.00%  30 / 30 packs copied

snapshot 16b52b2f saved
2026-05-15T01:05:06+10:00 R2 offsite copy completed
Applying Policy: keep 2 latest snapshots
keep 2 snapshots:
ID        Time                 Host        Tags        Reasons        Paths  Size
---------------------------------------------------------------------------------------
16a51faf  2026-05-14 01:00:18  rootnode                last snapshot  /      58.135 GiB
16b52b2f  2026-05-15 01:00:08  rootnode                last snapshot  /      57.854 GiB
---------------------------------------------------------------------------------------
2 snapshots

remove 1 snapshots:
ID        Time                 Host        Tags        Paths  Size
------------------------------------------------------------------------
b2e38697  2026-05-13 01:00:28  rootnode                /      58.222 GiB
------------------------------------------------------------------------
1 snapshots

[0:00] 100.00%  1 / 1 files deleted
1 snapshots have been removed, running prune
loading indexes...
loading all snapshots...
finding data that is still in use for 2 snapshots
[0:12] 100.00%  2 / 2 snapshots
searching used packs...
collecting packs for deletion and repacking
[0:02] 100.00%  1147 / 1147 packs processed

to repack:        192564 blobs / 534.465 MiB
this removes:       2132 blobs / 259.014 MiB
to delete:             0 blobs / 0 B
total prune:        2132 blobs / 259.014 MiB
remaining:        805522 blobs / 18.042 GiB
unused size after prune: 922.339 MiB (4.99% of remaining size)

repacking packs
[2:15] 100.00%  37 / 37 packs repacked
rebuilding index
[0:11] 100.00%  21 / 21 indexes processed
[0:00] 100.00%  14 / 14 old indexes deleted
removing 37 old packs
[0:02] 100.00%  37 / 37 files deleted
done
2026-05-15T01:08:00+10:00 R2 rotation complete
