2026-05-08T01:03:00+10:00 Starting R2 offsite copy

snapshot f3df4fcd of [/] at 2026-05-08 01:00:08.238262158 +1000 AEST by root@rootnode
  copy started, this may take a while...
Ignoring "2": multiple IDs with prefix "2" found
[24:53] 100.00%  209 / 209 packs copied

snapshot 10bfb0f1 saved
2026-05-08T01:28:15+10:00 R2 offsite copy completed
Applying Policy: keep 2 latest snapshots
keep 2 snapshots:
ID        Time                 Host        Tags        Reasons        Paths  Size
---------------------------------------------------------------------------------------
3d5cfee0  2026-05-07 20:52:12  rootnode                last snapshot  /      39.572 GiB
10bfb0f1  2026-05-08 01:00:08  rootnode                last snapshot  /      49.625 GiB
---------------------------------------------------------------------------------------
2 snapshots

remove 1 snapshots:
ID        Time                 Host        Tags        Paths  Size
------------------------------------------------------------------------
3c71148e  2026-05-05 01:00:07  rootnode                /      39.568 GiB
------------------------------------------------------------------------
1 snapshots

[0:00] 100.00%  1 / 1 files deleted
1 snapshots have been removed, running prune
loading indexes...
loading all snapshots...
finding data that is still in use for 2 snapshots
[0:09] 100.00%  2 / 2 snapshots
searching used packs...
collecting packs for deletion and repacking
[0:01] 100.00%  1081 / 1081 packs processed

to repack:         84097 blobs / 61.541 MiB
this removes:      10725 blobs / 8.163 MiB
to delete:             0 blobs / 0 B
total prune:       10725 blobs / 8.163 MiB
remaining:        757928 blobs / 17.286 GiB
unused size after prune: 743.830 MiB (4.20% of remaining size)

repacking packs
[0:32] 100.00%  5 / 5 packs repacked
rebuilding index
[0:04] 100.00%  17 / 17 indexes processed
[0:00] 100.00%  5 / 5 old indexes deleted
removing 5 old packs
[0:00] 100.00%  5 / 5 files deleted
done
2026-05-08T01:29:13+10:00 R2 rotation complete
