Offsite Backup (Cloudflare R2) Summary
======================================
Copy              : Success
Rotation          : Success
Snapshots in R2   : 3

Timeline:
  Started   : 2026-05-08T01:03:00+10:00
  Completed : 2026-05-08T01:29:13+10:00

Copy details:
  Snapshot  : f3df4fcd
  Progress  : [24:53] 100.00%  209 / 209 packs copied

Rotation details:
  Kept      : 3 snapshot(s)
  Pruned    : 1 old snapshot(s)

Kept snapshots:
ID        Time                 Host        Tags        Reasons        Paths  Size
---------------------------------------------------------------------------------------
3d5cfee0  2026-05-07 20:52:12  rootnode                last snapshot  /      39.572 GiB
10bfb0f1  2026-05-08 01:00:08  rootnode                last snapshot  /      49.625 GiB
---------------------------------------------------------------------------------------
2 snapshots
ID        Time                 Host        Tags        Paths  Size
------------------------------------------------------------------------
3c71148e  2026-05-05 01:00:07  rootnode                /      39.568 GiB
------------------------------------------------------------------------
1 snapshots
