Offsite Backup (Cloudflare R2) Summary
======================================
Copy              : Success
Rotation          : Success
Snapshots in R2   : 3

Timeline:
  Started   : 2026-05-09T01:01:28+10:00
  Completed : 2026-05-09T01:03:31+10:00

Copy details:
  Snapshot  : 41c1a80b
  Progress  : [0:46] 100.00%  9 / 9 packs copied

Rotation details:
  Kept      : 3 snapshot(s)
  Pruned    : 1 old snapshot(s)

Kept snapshots:
ID        Time                 Host        Tags        Reasons        Paths  Size
---------------------------------------------------------------------------------------
10bfb0f1  2026-05-08 01:00:08  rootnode                last snapshot  /      49.625 GiB
77b98fa4  2026-05-09 01:00:02  rootnode                last snapshot  /      49.636 GiB
---------------------------------------------------------------------------------------
2 snapshots
ID        Time                 Host        Tags        Paths  Size
------------------------------------------------------------------------
3d5cfee0  2026-05-07 20:52:12  rootnode                /      39.572 GiB
------------------------------------------------------------------------
1 snapshots
