2026-04-22T01:01:05+10:00 Starting R2 offsite copy

snapshot 44d9cd40 of [/] at 2026-04-17 21:00:00.864473742 +1000 AEST by root@rootnode
  copy started, this may take a while...
[2:56] 100.00%  56 / 56 packs copied

snapshot 86049e48 saved

snapshot 20cb51c2 of [/] at 2026-04-19 01:00:00.813156032 +1000 AEST by root@rootnode
  copy started, this may take a while...
[0:17] 100.00%  8 / 8 packs copied

snapshot 2ef21b2a saved

snapshot d926cb55 of [/] at 2026-04-12 20:22:49.352362963 +1000 AEST by root@rootnode
  copy started, this may take a while...
[3:41] 100.00%  88 / 88 packs copied

snapshot 3df89232 saved

snapshot d35acd9d of [/] at 2026-04-16 21:00:00.870545435 +1000 AEST by root@rootnode
  copy started, this may take a while...
[0:18] 100.00%  19 / 19 packs copied

snapshot dff4c310 saved

snapshot 24092557 of [/] at 2026-04-18 01:00:00.85735186 +1000 AEST by root@rootnode
  copy started, this may take a while...
[0:02] 100.00%  1 / 1 packs copied

snapshot 550298df saved

snapshot c0d48a4b of [/] at 2026-04-12 20:42:52.546159528 +1000 AEST by root@rootnode
  copy started, this may take a while...
[0:07] 100.00%  2 / 2 packs copied

snapshot 40df517e saved

snapshot cf0af3c3 of [/] at 2026-04-14 21:00:00.837076955 +1000 AEST by root@rootnode
  copy started, this may take a while...
[0:36] 100.00%  16 / 16 packs copied

snapshot 93ff56cf saved

snapshot cff7461f of [/] at 2026-04-13 21:00:00.801935002 +1000 AEST by root@rootnode
  copy started, this may take a while...
[0:27] 100.00%  8 / 8 packs copied

snapshot e311f2b7 saved

snapshot 765832a4 of [/] at 2026-04-08 21:00:00.845847721 +1000 AEST by root@rootnode
  copy started, this may take a while...
[1:10:37] 100.00%  689 / 689 packs copied

snapshot 96240f19 saved

snapshot ef416d11 of [/] at 2026-04-06 21:00:00.799447635 +1000 AEST by root@rootnode
  copy started, this may take a while...
[0:53] 100.00%  33 / 33 packs copied

snapshot dc4dfa80 saved

snapshot b2562ac3 of [/] at 2026-04-10 17:21:44.25142515 +1000 AEST by root@rootnode
  copy started, this may take a while...
[1:19] 100.00%  32 / 32 packs copied

snapshot 75ee73f4 saved

snapshot 00c17e82 of [/] at 2026-04-07 21:00:00.849625988 +1000 AEST by root@rootnode
  copy started, this may take a while...
[0:22] 100.00%  7 / 7 packs copied

snapshot 030fe6ca saved

snapshot ef0a15b4 of [/] at 2026-04-22 01:00:25.602965079 +1000 AEST by root@rootnode
  copy started, this may take a while...
[1:14] 100.00%  12 / 12 packs copied

snapshot 5730537b saved

snapshot a04a3ea9 of [/] at 2026-04-15 21:00:00.820422429 +1000 AEST by root@rootnode
  copy started, this may take a while...
[0:16] 100.00%  10 / 10 packs copied

snapshot 98d5950f saved

snapshot 708e1727 of [/] at 2026-04-11 21:00:00.77039816 +1000 AEST by root@rootnode
  copy started, this may take a while...
[0:34] 100.00%  17 / 17 packs copied

snapshot 841f4d7d saved

snapshot 38567644 of [/] at 2026-04-09 21:00:00.836712502 +1000 AEST by root@rootnode
  copy started, this may take a while...
[0:20] 100.00%  13 / 13 packs copied

snapshot 24d12053 saved

snapshot 178214f2 of [/] at 2026-04-10 21:00:00.810019941 +1000 AEST by root@rootnode
  copy started, this may take a while...
[0:07] 100.00%  2 / 2 packs copied

snapshot 8a55de74 saved
2026-04-22T02:25:52+10:00 R2 offsite copy completed
Applying Policy: keep 2 latest snapshots
keep 2 snapshots:
ID        Time                 Host        Tags        Reasons        Paths  Size
---------------------------------------------------------------------------------------
8a528774  2026-04-21 01:00:00  rootnode                last snapshot  /      39.002 GiB
5730537b  2026-04-22 01:00:25  rootnode                last snapshot  /      39.189 GiB
---------------------------------------------------------------------------------------
2 snapshots

remove 17 snapshots:
ID        Time                 Host        Tags        Paths  Size
------------------------------------------------------------------------
dc4dfa80  2026-04-06 21:00:00  rootnode                /      47.779 GiB
030fe6ca  2026-04-07 21:00:00  rootnode                /      47.802 GiB
96240f19  2026-04-08 21:00:00  rootnode                /      47.815 GiB
24d12053  2026-04-09 21:00:00  rootnode                /      48.599 GiB
75ee73f4  2026-04-10 17:21:44  rootnode                /      49.166 GiB
8a55de74  2026-04-10 21:00:00  rootnode                /      49.156 GiB
841f4d7d  2026-04-11 21:00:00  rootnode                /      51.891 GiB
3df89232  2026-04-12 20:22:49  rootnode                /      42.516 GiB
40df517e  2026-04-12 20:42:52  rootnode                /      42.517 GiB
e311f2b7  2026-04-13 21:00:00  rootnode                /      40.421 GiB
93ff56cf  2026-04-14 21:00:00  rootnode                /      38.509 GiB
98d5950f  2026-04-15 21:00:00  rootnode                /      38.729 GiB
dff4c310  2026-04-16 21:00:00  rootnode                /      38.743 GiB
86049e48  2026-04-17 21:00:00  rootnode                /      38.773 GiB
550298df  2026-04-18 01:00:00  rootnode                /      38.766 GiB
2ef21b2a  2026-04-19 01:00:00  rootnode                /      38.782 GiB
4b33c543  2026-04-20 01:00:00  rootnode                /      38.960 GiB
------------------------------------------------------------------------
17 snapshots

[0:01] 100.00%  17 / 17 files deleted
17 snapshots have been removed, running prune
loading indexes...
loading all snapshots...
finding data that is still in use for 2 snapshots
[0:06] 100.00%  2 / 2 snapshots
searching used packs...
collecting packs for deletion and repacking
[0:02] 100.00%  1566 / 1566 packs processed

to repack:         80602 blobs / 522.363 MiB
this removes:       1752 blobs / 226.750 MiB
to delete:         89189 blobs / 10.763 GiB
total prune:       90941 blobs / 10.985 GiB
remaining:        520537 blobs / 13.974 GiB
unused size after prune: 713.348 MiB (4.99% of remaining size)

repacking packs
[2:31] 100.00%  34 / 34 packs repacked
rebuilding index
[0:10] 100.00%  35 / 35 indexes processed
[0:02] 100.00%  33 / 33 old indexes deleted
removing 714 old packs
[0:44] 100.00%  714 / 714 files deleted
done
2026-04-22T02:29:39+10:00 R2 rotation complete
