Offsite Backup (Cloudflare R2) Summary
======================================
Copy              : Success
Rotation          : Success
Snapshots in R2   : 3

Timeline:
  Started   : 2026-04-22T01:01:05+10:00
  Completed : 2026-04-22T02:29:39+10:00

Copy details:
  Snapshot  : 44d9cd40
  Progress  : [0:07] 100.00%  2 / 2 packs copied

Rotation details:
  Kept      : 3 snapshot(s)
  Pruned    : 17 old snapshot(s)

Kept snapshots:
ID        Time                 Host        Tags        Reasons        Paths  Size
---------------------------------------------------------------------------------------
8a528774  2026-04-21 01:00:00  rootnode                last snapshot  /      39.002 GiB
5730537b  2026-04-22 01:00:25  rootnode                last snapshot  /      39.189 GiB
---------------------------------------------------------------------------------------
2 snapshots
ID        Time                 Host        Tags        Paths  Size
------------------------------------------------------------------------
dc4dfa80  2026-04-06 21:00:00  rootnode                /      47.779 GiB
030fe6ca  2026-04-07 21:00:00  rootnode                /      47.802 GiB
96240f19  2026-04-08 21:00:00  rootnode                /      47.815 GiB
24d12053  2026-04-09 21:00:00  rootnode                /      48.599 GiB
75ee73f4  2026-04-10 17:21:44  rootnode                /      49.166 GiB
8a55de74  2026-04-10 21:00:00  rootnode                /      49.156 GiB
841f4d7d  2026-04-11 21:00:00  rootnode                /      51.891 GiB
3df89232  2026-04-12 20:22:49  rootnode                /      42.516 GiB
40df517e  2026-04-12 20:42:52  rootnode                /      42.517 GiB
e311f2b7  2026-04-13 21:00:00  rootnode                /      40.421 GiB
93ff56cf  2026-04-14 21:00:00  rootnode                /      38.509 GiB
98d5950f  2026-04-15 21:00:00  rootnode                /      38.729 GiB
dff4c310  2026-04-16 21:00:00  rootnode                /      38.743 GiB
86049e48  2026-04-17 21:00:00  rootnode                /      38.773 GiB
550298df  2026-04-18 01:00:00  rootnode                /      38.766 GiB
2ef21b2a  2026-04-19 01:00:00  rootnode                /      38.782 GiB
4b33c543  2026-04-20 01:00:00  rootnode                /      38.960 GiB
------------------------------------------------------------------------
17 snapshots
