Offsite Backup (Cloudflare R2) Summary
======================================
Copy              : Success
Rotation          : Success
Snapshots in R2   : 3

Timeline:
  Started   : 2026-05-13T01:02:28+10:00
  Completed : 2026-05-13T01:05:51+10:00

Copy details:
  Snapshot  : db42a81f
  Progress  : [1:27] 100.00%  14 / 14 packs copied

Rotation details:
  Kept      : 3 snapshot(s)
  Pruned    : 1 old snapshot(s)

Kept snapshots:
ID        Time                 Host        Tags        Reasons        Paths  Size
---------------------------------------------------------------------------------------
dfc45bd3  2026-05-12 01:00:08  rootnode                last snapshot  /      58.177 GiB
b2e38697  2026-05-13 01:00:28  rootnode                last snapshot  /      58.222 GiB
---------------------------------------------------------------------------------------
2 snapshots
ID        Time                 Host        Tags        Paths  Size
------------------------------------------------------------------------
93d9bc70  2026-05-11 01:00:18  rootnode                /      49.648 GiB
------------------------------------------------------------------------
1 snapshots
