2026-05-12T01:02:30+10:00 Starting R2 offsite copy

snapshot 4dcf5fe9 of [/] at 2026-05-12 01:00:08.226488851 +1000 AEST by root@rootnode
  copy started, this may take a while...
Ignoring "2": multiple IDs with prefix "2" found
[1:35] 100.00%  14 / 14 packs copied

snapshot dfc45bd3 saved
2026-05-12T01:04:30+10:00 R2 offsite copy completed
Applying Policy: keep 2 latest snapshots
keep 2 snapshots:
ID        Time                 Host        Tags        Reasons        Paths  Size
---------------------------------------------------------------------------------------
93d9bc70  2026-05-11 01:00:18  rootnode                last snapshot  /      49.648 GiB
dfc45bd3  2026-05-12 01:00:08  rootnode                last snapshot  /      58.177 GiB
---------------------------------------------------------------------------------------
2 snapshots

remove 1 snapshots:
ID        Time                 Host        Tags        Paths  Size
------------------------------------------------------------------------
907c3be4  2026-05-10 01:00:08  rootnode                /      49.637 GiB
------------------------------------------------------------------------
1 snapshots

[0:00] 100.00%  1 / 1 files deleted
1 snapshots have been removed, running prune
loading indexes...
loading all snapshots...
finding data that is still in use for 2 snapshots
[0:12] 100.00%  2 / 2 snapshots
searching used packs...
collecting packs for deletion and repacking
[0:01] 100.00%  1103 / 1103 packs processed

to repack:        151392 blobs / 199.795 MiB
this removes:        858 blobs / 83.798 MiB
to delete:             0 blobs / 0 B
total prune:         858 blobs / 83.798 MiB
remaining:        786323 blobs / 17.526 GiB
unused size after prune: 891.023 MiB (4.96% of remaining size)

repacking packs
[1:02] 100.00%  14 / 14 packs repacked
rebuilding index
[0:06] 100.00%  19 / 19 indexes processed
[0:00] 100.00%  8 / 8 old indexes deleted
removing 14 old packs
[0:00] 100.00%  14 / 14 files deleted
done
2026-05-12T01:06:04+10:00 R2 rotation complete
