Offsite Backup (Cloudflare R2) Summary
======================================
Copy              : Success
Rotation          : Success
Snapshots in R2   : 3

Timeline:
  Started   : 2026-04-16T21:00:46+10:00
  Completed : 2026-04-16T22:23:41+10:00

Copy details:
  Snapshot  : d926cb55
  Progress  : [0:07] 100.00%  2 / 2 packs copied

Rotation details:
  Kept      : 3 snapshot(s)
  Pruned    : 11 old snapshot(s)

Kept snapshots:
ID        Time                 Host        Tags        Reasons        Paths  Size
---------------------------------------------------------------------------------------
21bb4666  2026-04-15 21:00:00  rootnode                last snapshot  /      38.729 GiB
e41f2c1b  2026-04-16 21:00:00  rootnode                last snapshot  /      38.743 GiB
---------------------------------------------------------------------------------------
2 snapshots
ID        Time                 Host        Tags        Paths  Size
------------------------------------------------------------------------
31de53ed  2026-04-06 21:00:00  rootnode                /      47.779 GiB
36312816  2026-04-07 21:00:00  rootnode                /      47.802 GiB
ca508f7d  2026-04-08 21:00:00  rootnode                /      47.815 GiB
96f0bae0  2026-04-09 21:00:00  rootnode                /      48.599 GiB
fa5ba431  2026-04-10 17:21:44  rootnode                /      49.166 GiB
c321e345  2026-04-10 21:00:00  rootnode                /      49.156 GiB
e62063c0  2026-04-11 21:00:00  rootnode                /      51.891 GiB
9c23eaa7  2026-04-12 20:22:49  rootnode                /      42.516 GiB
3454ea31  2026-04-12 20:42:52  rootnode                /      42.517 GiB
0af88455  2026-04-13 21:00:00  rootnode                /      40.421 GiB
f2e3e730  2026-04-14 21:00:00  rootnode                /      38.509 GiB
------------------------------------------------------------------------
11 snapshots
