2026-04-29T01:00:53+10:00 Starting R2 offsite copy

snapshot 8a118ba4 of [/] at 2026-04-29 01:00:15.746854727 +1000 AEST by root@rootnode
  copy started, this may take a while...
Ignoring "2": multiple IDs with prefix "2" found
[0:52] 100.00%  9 / 9 packs copied

snapshot d09b4b9d saved
2026-04-29T01:02:03+10:00 R2 offsite copy completed
Applying Policy: keep 2 latest snapshots
keep 2 snapshots:
ID        Time                 Host        Tags        Reasons        Paths  Size
---------------------------------------------------------------------------------------
f00117e6  2026-04-28 01:00:25  rootnode                last snapshot  /      39.389 GiB
d09b4b9d  2026-04-29 01:00:15  rootnode                last snapshot  /      39.402 GiB
---------------------------------------------------------------------------------------
2 snapshots

remove 1 snapshots:
ID        Time                 Host        Tags        Paths  Size
------------------------------------------------------------------------
6d158a74  2026-04-27 01:00:25  rootnode                /      39.374 GiB
------------------------------------------------------------------------
1 snapshots

[0:00] 100.00%  1 / 1 files deleted
1 snapshots have been removed, running prune
loading indexes...
loading all snapshots...
finding data that is still in use for 2 snapshots
[0:05] 100.00%  2 / 2 snapshots
searching used packs...
collecting packs for deletion and repacking
[0:01] 100.00%  888 / 888 packs processed

to repack:         84600 blobs / 186.868 MiB
this removes:        525 blobs / 45.232 MiB
to delete:             0 blobs / 0 B
total prune:         525 blobs / 45.232 MiB
remaining:        510151 blobs / 14.134 GiB
unused size after prune: 721.281 MiB (4.98% of remaining size)

repacking packs
[1:14] 100.00%  13 / 13 packs repacked
rebuilding index
[0:05] 100.00%  14 / 14 indexes processed
[0:00] 100.00%  8 / 8 old indexes deleted
removing 13 old packs
[0:00] 100.00%  13 / 13 files deleted
done
2026-04-29T01:03:40+10:00 R2 rotation complete
