Offsite Backup (Cloudflare R2) Summary
======================================
Copy              : Success
Rotation          : Success
Snapshots in R2   : 3

Timeline:
  Started   : 2026-04-29T01:00:53+10:00
  Completed : 2026-04-29T01:03:40+10:00

Copy details:
  Snapshot  : 8a118ba4
  Progress  : [0:52] 100.00%  9 / 9 packs copied

Rotation details:
  Kept      : 3 snapshot(s)
  Pruned    : 1 old snapshot(s)

Kept snapshots:
ID        Time                 Host        Tags        Reasons        Paths  Size
---------------------------------------------------------------------------------------
f00117e6  2026-04-28 01:00:25  rootnode                last snapshot  /      39.389 GiB
d09b4b9d  2026-04-29 01:00:15  rootnode                last snapshot  /      39.402 GiB
---------------------------------------------------------------------------------------
2 snapshots
ID        Time                 Host        Tags        Paths  Size
------------------------------------------------------------------------
6d158a74  2026-04-27 01:00:25  rootnode                /      39.374 GiB
------------------------------------------------------------------------
1 snapshots
